Started GET "/" for ::1 at 2019-02-04 11:19:24 -0800
DEPRECATION WARNING: ActiveRecord::Base.raise_in_transactional_callbacks= is deprecated, has no effect and will be removed without replacement. (called from block (3 levels) in <class:Railtie> at /usr/local/var/rbenv/versions/2.3.1/lib/ruby/gems/2.3.0/gems/activerecord-5.0.7.1/lib/active_record/railtie.rb:113)

Gem::LoadError - can't activate sqlite3 (~> 1.3.6), already activated sqlite3-1.4.0. Make sure all dependencies are added to Gemfile.:

Started POST "/__better_errors/b959f590629a040c/variables" for ::1 at 2019-02-04 11:19:24 -0800
Started GET "/" for ::1 at 2019-02-04 11:22:10 -0800
DEPRECATION WARNING: ActiveRecord::Base.raise_in_transactional_callbacks= is deprecated, has no effect and will be removed without replacement. (called from block (3 levels) in <class:Railtie> at /usr/local/var/rbenv/versions/2.3.1/lib/ruby/gems/2.3.0/gems/activerecord-5.0.7.1/lib/active_record/railtie.rb:113)

Gem::LoadError - can't activate sqlite3 (~> 1.3.6), already activated sqlite3-1.4.0. Make sure all dependencies are added to Gemfile.:

Started POST "/__better_errors/e413d2a8fb91f327/variables" for ::1 at 2019-02-04 11:22:11 -0800
Started GET "/" for ::1 at 2019-02-04 11:23:58 -0800
DEPRECATION WARNING: ActiveRecord::Base.raise_in_transactional_callbacks= is deprecated, has no effect and will be removed without replacement. (called from block (3 levels) in <class:Railtie> at /usr/local/var/rbenv/versions/2.3.1/lib/ruby/gems/2.3.0/gems/activerecord-5.0.7.1/lib/active_record/railtie.rb:113)
Processing by StaticPagesController#index as HTML
  Rendering static_pages/index.html.erb within layouts/application
  Rendered shared/_main_nav.html.erb (0.5ms)
  Rendered shared/_masthead.html.erb (0.4ms)
  Rendered shared/_sections_nav.html.erb (0.5ms)
  Rendered shared/_search_modal.html.erb (0.3ms)
  Rendered shared/_main_content.html.erb (0.5ms)
  Rendered static_pages/index.html.erb within layouts/application (20.8ms)
Completed 200 OK in 908ms (Views: 904.8ms | ActiveRecord: 0.0ms)


Started GET "/assets/application.self-f2e769905141f7974c4be9944817c778ef99fd37092a1ea51d85b0f70f058093.css?body=1" for ::1 at 2019-02-04 11:23:59 -0800
Started GET "/assets/jquery_ujs.self-784a997f6726036b1993eb2217c9cb558e1cbb801c6da88105588c56f13b466a.js?body=1" for ::1 at 2019-02-04 11:23:59 -0800
Started GET "/assets/components/dropdown.self-815016af6fab1d5b72abd319213bf62f0c42bab2c585d2e059543ae704a0d74c.js?body=1" for ::1 at 2019-02-04 11:23:59 -0800
Started GET "/assets/components/modal.self-52188644dbb47def5ee35ae02e69eb567ca9b664472357a8a5789dd39032a265.js?body=1" for ::1 at 2019-02-04 11:23:59 -0800
Started GET "/assets/jquery.self-bd7ddd393353a8d2480a622e80342adf488fb6006d667e8b42e4c0073393abee.js?body=1" for ::1 at 2019-02-04 11:23:59 -0800
Started GET "/assets/components/sidebar.self-2a1277f850a6fa21e1a974ef5152f177ac05516477d5081d593bb137b3d6808b.js?body=1" for ::1 at 2019-02-04 11:23:59 -0800
Started GET "/assets/application.self-f571b9db02bf4ed04c38a6a29072ac382f7d4f47db1fab9817aeadb0d8665235.js?body=1" for ::1 at 2019-02-04 11:23:59 -0800
Started GET "/assets/application.self-f2e769905141f7974c4be9944817c778ef99fd37092a1ea51d85b0f70f058093.css?body=1&livereload=1549309035945" for ::1 at 2019-02-04 11:37:15 -0800
Started GET "/assets/application.self-f2e769905141f7974c4be9944817c778ef99fd37092a1ea51d85b0f70f058093.css?body=1&livereload=1549309035942" for ::1 at 2019-02-04 11:37:15 -0800
Started GET "/" for ::1 at 2019-02-04 11:37:26 -0800
Processing by StaticPagesController#index as HTML
  Rendering static_pages/index.html.erb within layouts/application
  Rendered shared/_main_nav.html.erb (0.5ms)
  Rendered shared/_masthead.html.erb (0.4ms)
  Rendered shared/_sections_nav.html.erb (0.6ms)
  Rendered shared/_search_modal.html.erb (0.7ms)
  Rendered shared/_main_content.html.erb (0.4ms)
  Rendered static_pages/index.html.erb within layouts/application (23.8ms)
Completed 200 OK in 80ms (Views: 76.7ms | ActiveRecord: 0.0ms)


Started GET "/assets/application.self-0bef3e91136eb76d9c39e83ef4c7b10e3542df91f351c73dbf0d9cbe3a378e2f.css?body=1" for ::1 at 2019-02-04 11:37:26 -0800
Started GET "/assets/application.self-0bef3e91136eb76d9c39e83ef4c7b10e3542df91f351c73dbf0d9cbe3a378e2f.css?body=1&livereload=1549309311587" for ::1 at 2019-02-04 11:41:51 -0800
Started GET "/assets/application.self-0bef3e91136eb76d9c39e83ef4c7b10e3542df91f351c73dbf0d9cbe3a378e2f.css?body=1&livereload=1549309311590" for ::1 at 2019-02-04 11:41:51 -0800
Started GET "/assets/application.self-0bef3e91136eb76d9c39e83ef4c7b10e3542df91f351c73dbf0d9cbe3a378e2f.css?body=1&livereload=1549309312331" for ::1 at 2019-02-04 11:41:52 -0800
Started GET "/assets/application.self-0bef3e91136eb76d9c39e83ef4c7b10e3542df91f351c73dbf0d9cbe3a378e2f.css?body=1&livereload=1549309312333" for ::1 at 2019-02-04 11:41:52 -0800
Started GET "/assets/application.self-0bef3e91136eb76d9c39e83ef4c7b10e3542df91f351c73dbf0d9cbe3a378e2f.css?body=1&livereload=1549309633592" for ::1 at 2019-02-04 11:47:13 -0800
Started GET "/assets/application.self-0bef3e91136eb76d9c39e83ef4c7b10e3542df91f351c73dbf0d9cbe3a378e2f.css?body=1&livereload=1549309633594" for ::1 at 2019-02-04 11:47:13 -0800
Started GET "/" for ::1 at 2019-02-04 11:47:15 -0800
Processing by StaticPagesController#index as HTML
  Rendering static_pages/index.html.erb within layouts/application
  Rendered shared/_main_nav.html.erb (0.4ms)
  Rendered shared/_masthead.html.erb (0.3ms)
  Rendered shared/_sections_nav.html.erb (0.3ms)
  Rendered shared/_search_modal.html.erb (0.3ms)
  Rendered shared/_main_content.html.erb (0.6ms)
  Rendered static_pages/index.html.erb within layouts/application (26.7ms)
Completed 200 OK in 100ms (Views: 87.1ms | ActiveRecord: 0.0ms)


Started GET "/assets/application.self-b03f7a12cf5c99be08ffe172e3f9758d5e6aebb024531aa699c1954d2872e118.css?body=1" for ::1 at 2019-02-04 11:47:16 -0800
Started GET "/" for ::1 at 2019-02-04 11:49:06 -0800
Processing by StaticPagesController#index as HTML
  Rendering static_pages/index.html.erb within layouts/application
  Rendered shared/_main_nav.html.erb (1.0ms)
  Rendered shared/_masthead.html.erb (1.2ms)
  Rendered shared/_sections_nav.html.erb (1.0ms)
  Rendered shared/_search_modal.html.erb (0.6ms)
  Rendered shared/_main_content.html.erb (0.7ms)
  Rendered static_pages/index.html.erb within layouts/application (23.4ms)
Completed 200 OK in 62ms (Views: 57.5ms | ActiveRecord: 0.0ms)


Started GET "/" for ::1 at 2019-02-04 11:49:08 -0800
Processing by StaticPagesController#index as HTML
  Rendering static_pages/index.html.erb within layouts/application
  Rendered shared/_main_nav.html.erb (0.4ms)
  Rendered shared/_masthead.html.erb (0.3ms)
  Rendered shared/_sections_nav.html.erb (0.3ms)
  Rendered shared/_search_modal.html.erb (0.7ms)
  Rendered shared/_main_content.html.erb (0.4ms)
  Rendered static_pages/index.html.erb within layouts/application (15.1ms)
Completed 200 OK in 43ms (Views: 39.3ms | ActiveRecord: 0.0ms)


Started GET "/" for ::1 at 2019-02-04 11:51:52 -0800
Processing by StaticPagesController#index as HTML
  Rendering static_pages/index.html.erb within layouts/application
  Rendered shared/_main_nav.html.erb (0.4ms)
  Rendered shared/_masthead.html.erb (0.3ms)
  Rendered shared/_sections_nav.html.erb (0.4ms)
  Rendered shared/_search_modal.html.erb (0.4ms)
  Rendered shared/_main_content.html.erb (0.3ms)
  Rendered static_pages/index.html.erb within layouts/application (14.8ms)
Completed 200 OK in 39ms (Views: 35.6ms | ActiveRecord: 0.0ms)


Started GET "/" for ::1 at 2019-02-04 11:52:33 -0800
Processing by StaticPagesController#index as HTML
  Rendering static_pages/index.html.erb within layouts/application
  Rendered shared/_main_nav.html.erb (0.8ms)
  Rendered shared/_masthead.html.erb (0.4ms)
  Rendered shared/_sections_nav.html.erb (0.9ms)
  Rendered shared/_search_modal.html.erb (0.4ms)
  Rendered shared/_main_content.html.erb (0.6ms)
  Rendered static_pages/index.html.erb within layouts/application (22.7ms)
Completed 200 OK in 64ms (Views: 60.2ms | ActiveRecord: 0.0ms)


Started GET "/" for ::1 at 2019-02-04 11:55:17 -0800
Processing by StaticPagesController#index as HTML
  Rendering static_pages/index.html.erb within layouts/application
  Rendered shared/_main_nav.html.erb (0.4ms)
  Rendered shared/_masthead.html.erb (0.4ms)
  Rendered shared/_sections_nav.html.erb (0.4ms)
  Rendered shared/_search_modal.html.erb (0.4ms)
  Rendered shared/_main_content.html.erb (0.4ms)
  Rendered static_pages/index.html.erb within layouts/application (21.9ms)
Completed 200 OK in 60ms (Views: 54.6ms | ActiveRecord: 0.0ms)


Started GET "/" for ::1 at 2019-02-04 11:59:41 -0800
Processing by StaticPagesController#index as HTML
  Rendering static_pages/index.html.erb within layouts/application
  Rendered shared/_main_nav.html.erb (1.8ms)
  Rendered shared/_masthead.html.erb (2.6ms)
  Rendered shared/_sections_nav.html.erb (0.8ms)
  Rendered shared/_search_modal.html.erb (0.9ms)
  Rendered shared/_main_content.html.erb (0.9ms)
  Rendered static_pages/index.html.erb within layouts/application (34.8ms)
Completed 200 OK in 173ms (Views: 150.4ms | ActiveRecord: 0.0ms)


Started GET "/" for ::1 at 2019-02-04 12:00:20 -0800
Processing by StaticPagesController#index as HTML
  Rendering static_pages/index.html.erb within layouts/application
  Rendered shared/_main_nav.html.erb (0.7ms)
  Rendered shared/_masthead.html.erb (0.5ms)
  Rendered shared/_sections_nav.html.erb (1.0ms)
  Rendered shared/_search_modal.html.erb (0.7ms)
  Rendered shared/_main_content.html.erb (0.4ms)
  Rendered static_pages/index.html.erb within layouts/application (22.7ms)
Completed 200 OK in 95ms (Views: 82.9ms | ActiveRecord: 0.0ms)


Started GET "/" for ::1 at 2019-02-04 12:00:23 -0800
Processing by StaticPagesController#index as HTML
  Rendering static_pages/index.html.erb within layouts/application
  Rendered shared/_main_nav.html.erb (0.5ms)
  Rendered shared/_masthead.html.erb (0.7ms)
  Rendered shared/_sections_nav.html.erb (0.5ms)
  Rendered shared/_search_modal.html.erb (0.4ms)
  Rendered shared/_main_content.html.erb (1.0ms)
  Rendered static_pages/index.html.erb within layouts/application (17.9ms)
Completed 200 OK in 53ms (Views: 49.2ms | ActiveRecord: 0.0ms)


Started GET "/" for ::1 at 2019-02-04 12:00:24 -0800
Processing by StaticPagesController#index as HTML
  Rendering static_pages/index.html.erb within layouts/application
  Rendered shared/_main_nav.html.erb (0.4ms)
  Rendered shared/_masthead.html.erb (0.8ms)
  Rendered shared/_sections_nav.html.erb (0.5ms)
  Rendered shared/_search_modal.html.erb (0.5ms)
  Rendered shared/_main_content.html.erb (0.4ms)
  Rendered static_pages/index.html.erb within layouts/application (16.9ms)
Completed 200 OK in 53ms (Views: 48.8ms | ActiveRecord: 0.0ms)


Started GET "/assets/application.self-b03f7a12cf5c99be08ffe172e3f9758d5e6aebb024531aa699c1954d2872e118.css?body=1&livereload=1549310467031" for ::1 at 2019-02-04 12:01:07 -0800
Started GET "/assets/application.self-b03f7a12cf5c99be08ffe172e3f9758d5e6aebb024531aa699c1954d2872e118.css?body=1&livereload=1549310467033" for ::1 at 2019-02-04 12:01:07 -0800
Started GET "/assets/application.self-b03f7a12cf5c99be08ffe172e3f9758d5e6aebb024531aa699c1954d2872e118.css?body=1&livereload=1549310517528" for ::1 at 2019-02-04 12:01:57 -0800
Started GET "/assets/application.self-b03f7a12cf5c99be08ffe172e3f9758d5e6aebb024531aa699c1954d2872e118.css?body=1&livereload=1549310517530" for ::1 at 2019-02-04 12:01:57 -0800
Started GET "/assets/application.self-b03f7a12cf5c99be08ffe172e3f9758d5e6aebb024531aa699c1954d2872e118.css?body=1&livereload=1549310520769" for ::1 at 2019-02-04 12:02:00 -0800
Started GET "/assets/application.self-b03f7a12cf5c99be08ffe172e3f9758d5e6aebb024531aa699c1954d2872e118.css?body=1&livereload=1549310520770" for ::1 at 2019-02-04 12:02:00 -0800
Started GET "/assets/application.self-b03f7a12cf5c99be08ffe172e3f9758d5e6aebb024531aa699c1954d2872e118.css?body=1&livereload=1549310528683" for ::1 at 2019-02-04 12:02:08 -0800
Started GET "/assets/application.self-b03f7a12cf5c99be08ffe172e3f9758d5e6aebb024531aa699c1954d2872e118.css?body=1&livereload=1549310528685" for ::1 at 2019-02-04 12:02:08 -0800
Started GET "/assets/application.self-b03f7a12cf5c99be08ffe172e3f9758d5e6aebb024531aa699c1954d2872e118.css?body=1&livereload=1549310706764" for ::1 at 2019-02-04 12:05:06 -0800
Started GET "/assets/application.self-b03f7a12cf5c99be08ffe172e3f9758d5e6aebb024531aa699c1954d2872e118.css?body=1&livereload=1549310706764&livereload=1549310706764" for ::1 at 2019-02-04 12:05:06 -0800
Started GET "/" for ::1 at 2019-02-04 12:07:27 -0800
Processing by StaticPagesController#index as HTML
  Rendering static_pages/index.html.erb within layouts/application
  Rendered shared/_main_nav.html.erb (0.7ms)
  Rendered shared/_masthead.html.erb (0.6ms)
  Rendered shared/_sections_nav.html.erb (0.4ms)
  Rendered shared/_search_modal.html.erb (0.6ms)
  Rendered shared/_main_content.html.erb (0.4ms)
  Rendered static_pages/index.html.erb within layouts/application (19.0ms)
Completed 200 OK in 173ms (Views: 127.1ms | ActiveRecord: 0.0ms)


Started GET "/assets/application.self-39647f1859719fddd395c9d092215485be9d8d1c6238cb35b4e876c0d036e8f6.css?body=1" for ::1 at 2019-02-04 12:07:27 -0800
Started GET "/" for ::1 at 2019-02-04 12:07:27 -0800
Processing by StaticPagesController#index as HTML
  Rendering static_pages/index.html.erb within layouts/application
  Rendered shared/_main_nav.html.erb (0.4ms)
  Rendered shared/_masthead.html.erb (0.3ms)
  Rendered shared/_sections_nav.html.erb (0.3ms)
  Rendered shared/_search_modal.html.erb (0.5ms)
  Rendered shared/_main_content.html.erb (0.4ms)
  Rendered static_pages/index.html.erb within layouts/application (14.8ms)
Completed 200 OK in 44ms (Views: 40.7ms | ActiveRecord: 0.0ms)


Started GET "/" for ::1 at 2019-02-04 12:07:28 -0800
Processing by StaticPagesController#index as HTML
  Rendering static_pages/index.html.erb within layouts/application
  Rendered shared/_main_nav.html.erb (0.4ms)
  Rendered shared/_masthead.html.erb (0.3ms)
  Rendered shared/_sections_nav.html.erb (0.3ms)
  Rendered shared/_search_modal.html.erb (0.6ms)
  Rendered shared/_main_content.html.erb (0.7ms)
  Rendered static_pages/index.html.erb within layouts/application (17.0ms)
Completed 200 OK in 43ms (Views: 40.9ms | ActiveRecord: 0.0ms)


Started GET "/assets/application.self-39647f1859719fddd395c9d092215485be9d8d1c6238cb35b4e876c0d036e8f6.css?body=1&livereload=1549310901786" for ::1 at 2019-02-04 12:08:21 -0800
Started GET "/assets/application.self-39647f1859719fddd395c9d092215485be9d8d1c6238cb35b4e876c0d036e8f6.css?body=1&livereload=1549310901787" for ::1 at 2019-02-04 12:08:21 -0800
Started GET "/assets/application.self-39647f1859719fddd395c9d092215485be9d8d1c6238cb35b4e876c0d036e8f6.css?body=1&livereload=1549310914459" for ::1 at 2019-02-04 12:08:34 -0800
Started GET "/assets/application.self-39647f1859719fddd395c9d092215485be9d8d1c6238cb35b4e876c0d036e8f6.css?body=1&livereload=1549310914460" for ::1 at 2019-02-04 12:08:34 -0800
Started GET "/assets/application.self-39647f1859719fddd395c9d092215485be9d8d1c6238cb35b4e876c0d036e8f6.css?body=1&livereload=1549310974523" for ::1 at 2019-02-04 12:09:34 -0800
Started GET "/assets/application.self-39647f1859719fddd395c9d092215485be9d8d1c6238cb35b4e876c0d036e8f6.css?body=1&livereload=1549310974524" for ::1 at 2019-02-04 12:09:34 -0800
Started GET "/assets/application.self-39647f1859719fddd395c9d092215485be9d8d1c6238cb35b4e876c0d036e8f6.css?body=1&livereload=1549310987017" for ::1 at 2019-02-04 12:09:47 -0800
Started GET "/assets/application.self-39647f1859719fddd395c9d092215485be9d8d1c6238cb35b4e876c0d036e8f6.css?body=1&livereload=1549310987018" for ::1 at 2019-02-04 12:09:47 -0800
Started GET "/assets/application.self-39647f1859719fddd395c9d092215485be9d8d1c6238cb35b4e876c0d036e8f6.css?body=1&livereload=1549310997682" for ::1 at 2019-02-04 12:09:57 -0800
Started GET "/assets/application.self-39647f1859719fddd395c9d092215485be9d8d1c6238cb35b4e876c0d036e8f6.css?body=1&livereload=1549310997684" for ::1 at 2019-02-04 12:09:57 -0800
Started GET "/assets/application.self-39647f1859719fddd395c9d092215485be9d8d1c6238cb35b4e876c0d036e8f6.css?body=1&livereload=1549311007811" for ::1 at 2019-02-04 12:10:07 -0800
Started GET "/assets/application.self-39647f1859719fddd395c9d092215485be9d8d1c6238cb35b4e876c0d036e8f6.css?body=1&livereload=1549311007812" for ::1 at 2019-02-04 12:10:07 -0800
Started GET "/assets/application.self-39647f1859719fddd395c9d092215485be9d8d1c6238cb35b4e876c0d036e8f6.css?body=1&livereload=1549311115220" for ::1 at 2019-02-04 12:11:55 -0800
Started GET "/assets/application.self-39647f1859719fddd395c9d092215485be9d8d1c6238cb35b4e876c0d036e8f6.css?body=1&livereload=1549311115222" for ::1 at 2019-02-04 12:11:55 -0800
Started GET "/assets/application.self-39647f1859719fddd395c9d092215485be9d8d1c6238cb35b4e876c0d036e8f6.css?body=1&livereload=1549311129468" for ::1 at 2019-02-04 12:12:09 -0800
Started GET "/assets/application.self-39647f1859719fddd395c9d092215485be9d8d1c6238cb35b4e876c0d036e8f6.css?body=1&livereload=1549311129470" for ::1 at 2019-02-04 12:12:09 -0800
Started GET "/assets/application.self-39647f1859719fddd395c9d092215485be9d8d1c6238cb35b4e876c0d036e8f6.css?body=1&livereload=1549311168762" for ::1 at 2019-02-04 12:12:48 -0800
Started GET "/assets/application.self-39647f1859719fddd395c9d092215485be9d8d1c6238cb35b4e876c0d036e8f6.css?body=1&livereload=1549311168764" for ::1 at 2019-02-04 12:12:48 -0800
Started GET "/assets/application.self-39647f1859719fddd395c9d092215485be9d8d1c6238cb35b4e876c0d036e8f6.css?body=1&livereload=1549311317347" for ::1 at 2019-02-04 12:15:17 -0800
Started GET "/assets/application.self-39647f1859719fddd395c9d092215485be9d8d1c6238cb35b4e876c0d036e8f6.css?body=1&livereload=1549311317349" for ::1 at 2019-02-04 12:15:17 -0800
Started GET "/assets/application.self-39647f1859719fddd395c9d092215485be9d8d1c6238cb35b4e876c0d036e8f6.css?body=1&livereload=1549311571401" for ::1 at 2019-02-04 12:19:31 -0800
Started GET "/assets/application.self-39647f1859719fddd395c9d092215485be9d8d1c6238cb35b4e876c0d036e8f6.css?body=1&livereload=1549311571400" for ::1 at 2019-02-04 12:19:31 -0800
Started GET "/assets/application.self-39647f1859719fddd395c9d092215485be9d8d1c6238cb35b4e876c0d036e8f6.css?body=1&livereload=1549311571999" for ::1 at 2019-02-04 12:19:32 -0800
Started GET "/assets/application.self-39647f1859719fddd395c9d092215485be9d8d1c6238cb35b4e876c0d036e8f6.css?body=1&livereload=1549311572001" for ::1 at 2019-02-04 12:19:32 -0800
Started GET "/assets/application.self-39647f1859719fddd395c9d092215485be9d8d1c6238cb35b4e876c0d036e8f6.css?body=1&livereload=1549318397304" for ::1 at 2019-02-04 14:13:17 -0800
Started GET "/assets/application.self-39647f1859719fddd395c9d092215485be9d8d1c6238cb35b4e876c0d036e8f6.css?body=1&livereload=1549318397307" for ::1 at 2019-02-04 14:13:17 -0800
Started GET "/assets/application.self-39647f1859719fddd395c9d092215485be9d8d1c6238cb35b4e876c0d036e8f6.css?body=1&livereload=1549318410367" for ::1 at 2019-02-04 14:13:30 -0800
Started GET "/assets/application.self-39647f1859719fddd395c9d092215485be9d8d1c6238cb35b4e876c0d036e8f6.css?body=1&livereload=1549318410370" for ::1 at 2019-02-04 14:13:30 -0800
Started GET "/assets/application.self-39647f1859719fddd395c9d092215485be9d8d1c6238cb35b4e876c0d036e8f6.css?body=1&livereload=1549318445846" for ::1 at 2019-02-04 14:14:05 -0800
Started GET "/assets/application.self-39647f1859719fddd395c9d092215485be9d8d1c6238cb35b4e876c0d036e8f6.css?body=1&livereload=1549318445847" for ::1 at 2019-02-04 14:14:05 -0800
Started GET "/assets/application.self-39647f1859719fddd395c9d092215485be9d8d1c6238cb35b4e876c0d036e8f6.css?body=1&livereload=1549318491828" for ::1 at 2019-02-04 14:14:51 -0800
Started GET "/assets/application.self-39647f1859719fddd395c9d092215485be9d8d1c6238cb35b4e876c0d036e8f6.css?body=1&livereload=1549318491829" for ::1 at 2019-02-04 14:14:51 -0800
Started GET "/assets/application.self-39647f1859719fddd395c9d092215485be9d8d1c6238cb35b4e876c0d036e8f6.css?body=1&livereload=1549318624223" for ::1 at 2019-02-04 14:17:04 -0800
Started GET "/assets/application.self-39647f1859719fddd395c9d092215485be9d8d1c6238cb35b4e876c0d036e8f6.css?body=1&livereload=1549318624225" for ::1 at 2019-02-04 14:17:04 -0800
Started GET "/assets/application.self-39647f1859719fddd395c9d092215485be9d8d1c6238cb35b4e876c0d036e8f6.css?body=1&livereload=1549318661891" for ::1 at 2019-02-04 14:17:41 -0800
Started GET "/assets/application.self-39647f1859719fddd395c9d092215485be9d8d1c6238cb35b4e876c0d036e8f6.css?body=1&livereload=1549318661891&livereload=1549318661891" for ::1 at 2019-02-04 14:17:41 -0800
Started GET "/assets/application.self-39647f1859719fddd395c9d092215485be9d8d1c6238cb35b4e876c0d036e8f6.css?body=1&livereload=1549318696168&livereload=1549318661891" for ::1 at 2019-02-04 14:18:16 -0800
Started GET "/assets/application.self-39647f1859719fddd395c9d092215485be9d8d1c6238cb35b4e876c0d036e8f6.css?body=1&livereload=1549318696169&livereload=1549318661891" for ::1 at 2019-02-04 14:18:16 -0800
Started GET "/assets/application.self-39647f1859719fddd395c9d092215485be9d8d1c6238cb35b4e876c0d036e8f6.css?body=1&livereload=1549318764657&livereload=1549318661891" for ::1 at 2019-02-04 14:19:24 -0800
Started GET "/assets/application.self-39647f1859719fddd395c9d092215485be9d8d1c6238cb35b4e876c0d036e8f6.css?body=1&livereload=1549318764658&livereload=1549318661891" for ::1 at 2019-02-04 14:19:24 -0800
Started GET "/assets/application.self-39647f1859719fddd395c9d092215485be9d8d1c6238cb35b4e876c0d036e8f6.css?body=1&livereload=1549318765174&livereload=1549318661891" for ::1 at 2019-02-04 14:19:25 -0800
Started GET "/assets/application.self-39647f1859719fddd395c9d092215485be9d8d1c6238cb35b4e876c0d036e8f6.css?body=1&livereload=1549318765173&livereload=1549318661891" for ::1 at 2019-02-04 14:19:25 -0800
Started GET "/assets/application.self-39647f1859719fddd395c9d092215485be9d8d1c6238cb35b4e876c0d036e8f6.css?body=1&livereload=1549318786705&livereload=1549318661891" for ::1 at 2019-02-04 14:19:46 -0800
Started GET "/assets/application.self-39647f1859719fddd395c9d092215485be9d8d1c6238cb35b4e876c0d036e8f6.css?body=1&livereload=1549318786706&livereload=1549318661891" for ::1 at 2019-02-04 14:19:46 -0800
Started GET "/assets/application.self-39647f1859719fddd395c9d092215485be9d8d1c6238cb35b4e876c0d036e8f6.css?body=1&livereload=1549318821857&livereload=1549318661891" for ::1 at 2019-02-04 14:20:21 -0800
Started GET "/assets/application.self-39647f1859719fddd395c9d092215485be9d8d1c6238cb35b4e876c0d036e8f6.css?body=1&livereload=1549318821858&livereload=1549318661891" for ::1 at 2019-02-04 14:20:21 -0800
Started GET "/assets/application.self-39647f1859719fddd395c9d092215485be9d8d1c6238cb35b4e876c0d036e8f6.css?body=1&livereload=1549318992310&livereload=1549318661891" for ::1 at 2019-02-04 14:23:12 -0800
Started GET "/assets/application.self-39647f1859719fddd395c9d092215485be9d8d1c6238cb35b4e876c0d036e8f6.css?body=1&livereload=1549318992312&livereload=1549318661891" for ::1 at 2019-02-04 14:23:12 -0800
Started GET "/assets/application.self-39647f1859719fddd395c9d092215485be9d8d1c6238cb35b4e876c0d036e8f6.css?body=1&livereload=1549319048165&livereload=1549318661891" for ::1 at 2019-02-04 14:24:08 -0800
Started GET "/assets/application.self-39647f1859719fddd395c9d092215485be9d8d1c6238cb35b4e876c0d036e8f6.css?body=1&livereload=1549319048167&livereload=1549318661891" for ::1 at 2019-02-04 14:24:08 -0800
Started GET "/assets/application.self-39647f1859719fddd395c9d092215485be9d8d1c6238cb35b4e876c0d036e8f6.css?body=1&livereload=1549319063459&livereload=1549318661891" for ::1 at 2019-02-04 14:24:23 -0800
Started GET "/assets/application.self-39647f1859719fddd395c9d092215485be9d8d1c6238cb35b4e876c0d036e8f6.css?body=1&livereload=1549319063461&livereload=1549318661891" for ::1 at 2019-02-04 14:24:23 -0800
Started GET "/assets/application.self-39647f1859719fddd395c9d092215485be9d8d1c6238cb35b4e876c0d036e8f6.css?body=1&livereload=1549319071822&livereload=1549318661891" for ::1 at 2019-02-04 14:24:31 -0800
Started GET "/assets/application.self-39647f1859719fddd395c9d092215485be9d8d1c6238cb35b4e876c0d036e8f6.css?body=1&livereload=1549319071823&livereload=1549318661891" for ::1 at 2019-02-04 14:24:31 -0800
Started GET "/assets/application.self-39647f1859719fddd395c9d092215485be9d8d1c6238cb35b4e876c0d036e8f6.css?body=1&livereload=1549319089548&livereload=1549318661891" for ::1 at 2019-02-04 14:24:49 -0800
Started GET "/assets/application.self-39647f1859719fddd395c9d092215485be9d8d1c6238cb35b4e876c0d036e8f6.css?body=1&livereload=1549319089550&livereload=1549318661891" for ::1 at 2019-02-04 14:24:49 -0800
Started GET "/assets/application.self-39647f1859719fddd395c9d092215485be9d8d1c6238cb35b4e876c0d036e8f6.css?body=1&livereload=1549319099001&livereload=1549318661891" for ::1 at 2019-02-04 14:24:59 -0800
Started GET "/assets/application.self-39647f1859719fddd395c9d092215485be9d8d1c6238cb35b4e876c0d036e8f6.css?body=1&livereload=1549319099004&livereload=1549318661891" for ::1 at 2019-02-04 14:24:59 -0800
Started GET "/assets/application.self-39647f1859719fddd395c9d092215485be9d8d1c6238cb35b4e876c0d036e8f6.css?body=1&livereload=1549319137080&livereload=1549318661891" for ::1 at 2019-02-04 14:25:37 -0800
Started GET "/assets/application.self-39647f1859719fddd395c9d092215485be9d8d1c6238cb35b4e876c0d036e8f6.css?body=1&livereload=1549319137081&livereload=1549318661891" for ::1 at 2019-02-04 14:25:37 -0800
Started GET "/assets/application.self-39647f1859719fddd395c9d092215485be9d8d1c6238cb35b4e876c0d036e8f6.css?body=1&livereload=1549319148904&livereload=1549318661891" for ::1 at 2019-02-04 14:25:48 -0800
Started GET "/assets/application.self-39647f1859719fddd395c9d092215485be9d8d1c6238cb35b4e876c0d036e8f6.css?body=1&livereload=1549319148905&livereload=1549318661891" for ::1 at 2019-02-04 14:25:48 -0800
Started GET "/assets/application.self-39647f1859719fddd395c9d092215485be9d8d1c6238cb35b4e876c0d036e8f6.css?body=1&livereload=1549319158371&livereload=1549318661891" for ::1 at 2019-02-04 14:25:58 -0800
Started GET "/assets/application.self-39647f1859719fddd395c9d092215485be9d8d1c6238cb35b4e876c0d036e8f6.css?body=1&livereload=1549319158373&livereload=1549318661891" for ::1 at 2019-02-04 14:25:58 -0800
Started GET "/assets/application.self-39647f1859719fddd395c9d092215485be9d8d1c6238cb35b4e876c0d036e8f6.css?body=1&livereload=1549319193202&livereload=1549318661891" for ::1 at 2019-02-04 14:26:33 -0800
Started GET "/assets/application.self-39647f1859719fddd395c9d092215485be9d8d1c6238cb35b4e876c0d036e8f6.css?body=1&livereload=1549319193204&livereload=1549318661891" for ::1 at 2019-02-04 14:26:33 -0800
Started GET "/assets/application.self-39647f1859719fddd395c9d092215485be9d8d1c6238cb35b4e876c0d036e8f6.css?body=1&livereload=1549319210954&livereload=1549318661891" for ::1 at 2019-02-04 14:26:50 -0800
Started GET "/assets/application.self-39647f1859719fddd395c9d092215485be9d8d1c6238cb35b4e876c0d036e8f6.css?body=1&livereload=1549319210956&livereload=1549318661891" for ::1 at 2019-02-04 14:26:50 -0800
Started GET "/assets/application.self-39647f1859719fddd395c9d092215485be9d8d1c6238cb35b4e876c0d036e8f6.css?body=1&livereload=1549319256790&livereload=1549318661891" for ::1 at 2019-02-04 14:27:36 -0800
Started GET "/assets/application.self-39647f1859719fddd395c9d092215485be9d8d1c6238cb35b4e876c0d036e8f6.css?body=1&livereload=1549319256793&livereload=1549318661891" for ::1 at 2019-02-04 14:27:36 -0800
Started GET "/" for ::1 at 2019-02-04 14:29:00 -0800
Processing by StaticPagesController#index as HTML
  Rendering static_pages/index.html.erb within layouts/application
  Rendered shared/_main_nav.html.erb (0.7ms)
  Rendered shared/_masthead.html.erb (0.6ms)
  Rendered shared/_sections_nav.html.erb (0.5ms)
  Rendered shared/_search_modal.html.erb (0.6ms)
  Rendered shared/_main_content.html.erb (0.6ms)
  Rendered static_pages/index.html.erb within layouts/application (40.2ms)
Completed 200 OK in 226ms (Views: 193.8ms | ActiveRecord: 0.0ms)


Started GET "/assets/application.self-afd09c29fdeb0740faefa2dfa5b12974c4b8aee216dc2d3032af77afae0fb301.css?body=1" for ::1 at 2019-02-04 14:29:00 -0800
Started GET "/" for ::1 at 2019-02-04 14:32:30 -0800
Processing by StaticPagesController#index as HTML
  Rendering static_pages/index.html.erb within layouts/application
  Rendered shared/_main_nav.html.erb (0.6ms)
  Rendered shared/_masthead.html.erb (0.5ms)
  Rendered shared/_sections_nav.html.erb (0.4ms)
  Rendered shared/_search_modal.html.erb (0.3ms)
  Rendered shared/_main_content.html.erb (0.4ms)
  Rendered static_pages/index.html.erb within layouts/application (22.0ms)
Completed 200 OK in 95ms (Views: 83.2ms | ActiveRecord: 0.0ms)


Started GET "/" for ::1 at 2019-02-04 14:34:11 -0800
Processing by StaticPagesController#index as HTML
  Rendering static_pages/index.html.erb within layouts/application
  Rendered shared/_main_nav.html.erb (0.6ms)
  Rendered shared/_masthead.html.erb (0.5ms)
  Rendered shared/_sections_nav.html.erb (0.4ms)
  Rendered shared/_search_modal.html.erb (0.6ms)
  Rendered shared/_main_content.html.erb (0.5ms)
  Rendered static_pages/index.html.erb within layouts/application (25.8ms)
Completed 200 OK in 139ms (Views: 127.4ms | ActiveRecord: 0.0ms)


Started GET "/" for ::1 at 2019-02-04 14:36:38 -0800
Processing by StaticPagesController#index as HTML
  Rendering static_pages/index.html.erb within layouts/application
  Rendered shared/_main_nav.html.erb (1.9ms)
  Rendered shared/_masthead.html.erb (0.6ms)
  Rendered shared/_sections_nav.html.erb (0.5ms)
  Rendered shared/_search_modal.html.erb (0.6ms)
  Rendered shared/_main_content.html.erb (0.8ms)
  Rendered static_pages/index.html.erb within layouts/application (22.3ms)
Completed 200 OK in 76ms (Views: 72.5ms | ActiveRecord: 0.0ms)


Started GET "/" for ::1 at 2019-02-04 14:37:49 -0800
Processing by StaticPagesController#index as HTML
  Rendering static_pages/index.html.erb within layouts/application
  Rendered shared/_main_nav.html.erb (0.5ms)
  Rendered shared/_masthead.html.erb (0.7ms)
  Rendered shared/_sections_nav.html.erb (0.6ms)
  Rendered shared/_search_modal.html.erb (0.4ms)
  Rendered shared/_main_content.html.erb (0.6ms)
  Rendered static_pages/index.html.erb within layouts/application (17.2ms)
Completed 200 OK in 52ms (Views: 48.1ms | ActiveRecord: 0.0ms)


Started GET "/assets/application.self-afd09c29fdeb0740faefa2dfa5b12974c4b8aee216dc2d3032af77afae0fb301.css?body=1&livereload=1549319897388" for ::1 at 2019-02-04 14:38:17 -0800
Started GET "/assets/application.self-afd09c29fdeb0740faefa2dfa5b12974c4b8aee216dc2d3032af77afae0fb301.css?body=1&livereload=1549319897389" for ::1 at 2019-02-04 14:38:17 -0800
Started GET "/" for ::1 at 2019-02-04 14:38:19 -0800
Processing by StaticPagesController#index as HTML
  Rendering static_pages/index.html.erb within layouts/application
  Rendered shared/_main_nav.html.erb (0.4ms)
  Rendered shared/_masthead.html.erb (1.0ms)
  Rendered shared/_sections_nav.html.erb (0.6ms)
  Rendered shared/_search_modal.html.erb (0.6ms)
  Rendered shared/_main_content.html.erb (0.3ms)
  Rendered static_pages/index.html.erb within layouts/application (16.6ms)
Completed 200 OK in 56ms (Views: 52.0ms | ActiveRecord: 0.0ms)


Started GET "/assets/application.self-3a83298a0facfe03fd29490d479b92bddef48f288c71bf13cde79de1ce13d65f.css?body=1" for ::1 at 2019-02-04 14:38:19 -0800
Started GET "/" for ::1 at 2019-02-04 14:38:48 -0800
Processing by StaticPagesController#index as HTML
  Rendering static_pages/index.html.erb within layouts/application
  Rendered shared/_main_nav.html.erb (0.5ms)
  Rendered shared/_masthead.html.erb (0.7ms)
  Rendered shared/_sections_nav.html.erb (0.4ms)
  Rendered shared/_search_modal.html.erb (0.4ms)
  Rendered shared/_main_content.html.erb (0.7ms)
  Rendered static_pages/index.html.erb within layouts/application (18.6ms)
Completed 200 OK in 53ms (Views: 49.5ms | ActiveRecord: 0.0ms)


Started GET "/assets/application.self-3a83298a0facfe03fd29490d479b92bddef48f288c71bf13cde79de1ce13d65f.css?body=1&livereload=1549319936434" for ::1 at 2019-02-04 14:38:56 -0800
Started GET "/assets/application.self-3a83298a0facfe03fd29490d479b92bddef48f288c71bf13cde79de1ce13d65f.css?body=1&livereload=1549319936436" for ::1 at 2019-02-04 14:38:56 -0800
Started GET "/assets/application.self-3a83298a0facfe03fd29490d479b92bddef48f288c71bf13cde79de1ce13d65f.css?body=1&livereload=1549319961245" for ::1 at 2019-02-04 14:39:21 -0800
Started GET "/assets/application.self-3a83298a0facfe03fd29490d479b92bddef48f288c71bf13cde79de1ce13d65f.css?body=1&livereload=1549319961246" for ::1 at 2019-02-04 14:39:21 -0800
Started GET "/assets/application.self-3a83298a0facfe03fd29490d479b92bddef48f288c71bf13cde79de1ce13d65f.css?body=1&livereload=1549319963569" for ::1 at 2019-02-04 14:39:23 -0800
Started GET "/assets/application.self-3a83298a0facfe03fd29490d479b92bddef48f288c71bf13cde79de1ce13d65f.css?body=1&livereload=1549319963570" for ::1 at 2019-02-04 14:39:23 -0800
Started GET "/assets/application.self-3a83298a0facfe03fd29490d479b92bddef48f288c71bf13cde79de1ce13d65f.css?body=1&livereload=1549319980635" for ::1 at 2019-02-04 14:39:40 -0800
Started GET "/assets/application.self-3a83298a0facfe03fd29490d479b92bddef48f288c71bf13cde79de1ce13d65f.css?body=1&livereload=1549319980638" for ::1 at 2019-02-04 14:39:40 -0800
Started GET "/assets/application.self-3a83298a0facfe03fd29490d479b92bddef48f288c71bf13cde79de1ce13d65f.css?body=1&livereload=1549319992253" for ::1 at 2019-02-04 14:39:52 -0800
Started GET "/assets/application.self-3a83298a0facfe03fd29490d479b92bddef48f288c71bf13cde79de1ce13d65f.css?body=1&livereload=1549319992254" for ::1 at 2019-02-04 14:39:52 -0800
Started GET "/assets/application.self-3a83298a0facfe03fd29490d479b92bddef48f288c71bf13cde79de1ce13d65f.css?body=1&livereload=1549319993842" for ::1 at 2019-02-04 14:39:53 -0800
Started GET "/assets/application.self-3a83298a0facfe03fd29490d479b92bddef48f288c71bf13cde79de1ce13d65f.css?body=1&livereload=1549319993843" for ::1 at 2019-02-04 14:39:53 -0800
Started GET "/assets/application.self-3a83298a0facfe03fd29490d479b92bddef48f288c71bf13cde79de1ce13d65f.css?body=1&livereload=1549319999213" for ::1 at 2019-02-04 14:39:59 -0800
Started GET "/assets/application.self-3a83298a0facfe03fd29490d479b92bddef48f288c71bf13cde79de1ce13d65f.css?body=1&livereload=1549319999214" for ::1 at 2019-02-04 14:39:59 -0800
Started GET "/assets/application.self-3a83298a0facfe03fd29490d479b92bddef48f288c71bf13cde79de1ce13d65f.css?body=1&livereload=1549320021903" for ::1 at 2019-02-04 14:40:21 -0800
Started GET "/assets/application.self-3a83298a0facfe03fd29490d479b92bddef48f288c71bf13cde79de1ce13d65f.css?body=1&livereload=1549320021904" for ::1 at 2019-02-04 14:40:21 -0800
Started GET "/assets/application.self-3a83298a0facfe03fd29490d479b92bddef48f288c71bf13cde79de1ce13d65f.css?body=1&livereload=1549320043687" for ::1 at 2019-02-04 14:40:43 -0800
Started GET "/assets/application.self-3a83298a0facfe03fd29490d479b92bddef48f288c71bf13cde79de1ce13d65f.css?body=1&livereload=1549320043688" for ::1 at 2019-02-04 14:40:43 -0800
Started GET "/assets/application.self-3a83298a0facfe03fd29490d479b92bddef48f288c71bf13cde79de1ce13d65f.css?body=1&livereload=1549320049426" for ::1 at 2019-02-04 14:40:49 -0800
Started GET "/assets/application.self-3a83298a0facfe03fd29490d479b92bddef48f288c71bf13cde79de1ce13d65f.css?body=1&livereload=1549320049427" for ::1 at 2019-02-04 14:40:49 -0800
Started GET "/assets/application.self-3a83298a0facfe03fd29490d479b92bddef48f288c71bf13cde79de1ce13d65f.css?body=1&livereload=1549320138520" for ::1 at 2019-02-04 14:42:18 -0800
Started GET "/assets/application.self-3a83298a0facfe03fd29490d479b92bddef48f288c71bf13cde79de1ce13d65f.css?body=1&livereload=1549320138522" for ::1 at 2019-02-04 14:42:18 -0800
Started GET "/assets/application.self-3a83298a0facfe03fd29490d479b92bddef48f288c71bf13cde79de1ce13d65f.css?body=1&livereload=1549320181219" for ::1 at 2019-02-04 14:43:01 -0800
Started GET "/assets/application.self-3a83298a0facfe03fd29490d479b92bddef48f288c71bf13cde79de1ce13d65f.css?body=1&livereload=1549320181221" for ::1 at 2019-02-04 14:43:01 -0800
Started GET "/assets/application.self-3a83298a0facfe03fd29490d479b92bddef48f288c71bf13cde79de1ce13d65f.css?body=1&livereload=1549320182515" for ::1 at 2019-02-04 14:43:02 -0800
Started GET "/assets/application.self-3a83298a0facfe03fd29490d479b92bddef48f288c71bf13cde79de1ce13d65f.css?body=1&livereload=1549320182517" for ::1 at 2019-02-04 14:43:02 -0800
Started GET "/assets/application.self-3a83298a0facfe03fd29490d479b92bddef48f288c71bf13cde79de1ce13d65f.css?body=1&livereload=1549320190887" for ::1 at 2019-02-04 14:43:10 -0800
Started GET "/assets/application.self-3a83298a0facfe03fd29490d479b92bddef48f288c71bf13cde79de1ce13d65f.css?body=1&livereload=1549320190889" for ::1 at 2019-02-04 14:43:10 -0800
Started GET "/assets/application.self-3a83298a0facfe03fd29490d479b92bddef48f288c71bf13cde79de1ce13d65f.css?body=1&livereload=1549320196505" for ::1 at 2019-02-04 14:43:16 -0800
Started GET "/assets/application.self-3a83298a0facfe03fd29490d479b92bddef48f288c71bf13cde79de1ce13d65f.css?body=1&livereload=1549320196506" for ::1 at 2019-02-04 14:43:16 -0800
Started GET "/assets/application.self-3a83298a0facfe03fd29490d479b92bddef48f288c71bf13cde79de1ce13d65f.css?body=1&livereload=1549320198623" for ::1 at 2019-02-04 14:43:18 -0800
Started GET "/assets/application.self-3a83298a0facfe03fd29490d479b92bddef48f288c71bf13cde79de1ce13d65f.css?body=1&livereload=1549320198624" for ::1 at 2019-02-04 14:43:18 -0800
Started GET "/assets/application.self-3a83298a0facfe03fd29490d479b92bddef48f288c71bf13cde79de1ce13d65f.css?body=1&livereload=1549320208466" for ::1 at 2019-02-04 14:43:28 -0800
Started GET "/assets/application.self-3a83298a0facfe03fd29490d479b92bddef48f288c71bf13cde79de1ce13d65f.css?body=1&livereload=1549320208467" for ::1 at 2019-02-04 14:43:28 -0800
Started GET "/assets/application.self-3a83298a0facfe03fd29490d479b92bddef48f288c71bf13cde79de1ce13d65f.css?body=1&livereload=1549320216192" for ::1 at 2019-02-04 14:43:36 -0800
Started GET "/assets/application.self-3a83298a0facfe03fd29490d479b92bddef48f288c71bf13cde79de1ce13d65f.css?body=1&livereload=1549320216194" for ::1 at 2019-02-04 14:43:36 -0800
Started GET "/assets/application.self-3a83298a0facfe03fd29490d479b92bddef48f288c71bf13cde79de1ce13d65f.css?body=1&livereload=1549320261280" for ::1 at 2019-02-04 14:44:21 -0800
Started GET "/assets/application.self-3a83298a0facfe03fd29490d479b92bddef48f288c71bf13cde79de1ce13d65f.css?body=1&livereload=1549320261281" for ::1 at 2019-02-04 14:44:21 -0800
Started GET "/assets/application.self-3a83298a0facfe03fd29490d479b92bddef48f288c71bf13cde79de1ce13d65f.css?body=1&livereload=1549320271435" for ::1 at 2019-02-04 14:44:31 -0800
Started GET "/assets/application.self-3a83298a0facfe03fd29490d479b92bddef48f288c71bf13cde79de1ce13d65f.css?body=1&livereload=1549320271436" for ::1 at 2019-02-04 14:44:31 -0800
Started GET "/" for ::1 at 2019-02-04 14:47:49 -0800
Processing by StaticPagesController#index as HTML
  Rendering static_pages/index.html.erb within layouts/application
  Rendered shared/_main_nav.html.erb (1.5ms)
  Rendered shared/_masthead.html.erb (0.6ms)
  Rendered shared/_sections_nav.html.erb (0.6ms)
  Rendered shared/_search_modal.html.erb (0.6ms)
  Rendered shared/_main_content.html.erb (0.7ms)
  Rendered static_pages/index.html.erb within layouts/application (22.1ms)
Completed 200 OK in 55ms (Views: 51.8ms | ActiveRecord: 0.0ms)


Started GET "/assets/application.self-cda612840787da9a048d95b342625f0d5d5869a1ff5429529b12ee607ae3c473.css?body=1" for ::1 at 2019-02-04 14:47:49 -0800
Started GET "/" for ::1 at 2019-02-04 14:48:42 -0800
Processing by StaticPagesController#index as HTML
  Rendering static_pages/index.html.erb within layouts/application
  Rendered shared/_main_nav.html.erb (0.6ms)
  Rendered shared/_masthead.html.erb (0.4ms)
  Rendered shared/_sections_nav.html.erb (0.3ms)
  Rendered shared/_search_modal.html.erb (0.3ms)
  Rendered shared/_main_content.html.erb (0.3ms)
  Rendered static_pages/index.html.erb within layouts/application (19.6ms)
Completed 200 OK in 167ms (Views: 143.8ms | ActiveRecord: 0.0ms)


Started GET "/assets/application.self-cda612840787da9a048d95b342625f0d5d5869a1ff5429529b12ee607ae3c473.css?body=1&livereload=1549320591752" for ::1 at 2019-02-04 14:49:51 -0800
Started GET "/assets/application.self-cda612840787da9a048d95b342625f0d5d5869a1ff5429529b12ee607ae3c473.css?body=1&livereload=1549320591756" for ::1 at 2019-02-04 14:49:51 -0800
Started GET "/assets/application.self-cda612840787da9a048d95b342625f0d5d5869a1ff5429529b12ee607ae3c473.css?body=1&livereload=1549320599365" for ::1 at 2019-02-04 14:49:59 -0800
Started GET "/assets/application.self-cda612840787da9a048d95b342625f0d5d5869a1ff5429529b12ee607ae3c473.css?body=1&livereload=1549320599367" for ::1 at 2019-02-04 14:49:59 -0800
Started GET "/" for ::1 at 2019-02-04 14:52:42 -0800
Processing by StaticPagesController#index as HTML
  Rendering static_pages/index.html.erb within layouts/application
  Rendered shared/_main_nav.html.erb (0.6ms)
  Rendered shared/_masthead.html.erb (0.7ms)
  Rendered shared/_sections_nav.html.erb (0.5ms)
  Rendered shared/_search_modal.html.erb (0.9ms)
  Rendered shared/_main_content.html.erb (0.5ms)
  Rendered static_pages/index.html.erb within layouts/application (25.4ms)
Completed 200 OK in 133ms (Views: 116.0ms | ActiveRecord: 0.0ms)


Started GET "/assets/application.self-f116de979db30f4f2c5d1490fa8db35ee32337ec2a97c5c584b3f362630daded.css?body=1" for ::1 at 2019-02-04 14:52:43 -0800
Started GET "/" for ::1 at 2019-02-04 14:54:18 -0800
Processing by StaticPagesController#index as HTML
  Rendering static_pages/index.html.erb within layouts/application
  Rendered shared/_main_nav.html.erb (0.4ms)
  Rendered shared/_masthead.html.erb (0.9ms)
  Rendered shared/_sections_nav.html.erb (0.6ms)
  Rendered shared/_search_modal.html.erb (0.6ms)
  Rendered shared/_main_content.html.erb (0.9ms)
  Rendered static_pages/index.html.erb within layouts/application (22.4ms)
Completed 200 OK in 52ms (Views: 49.1ms | ActiveRecord: 0.0ms)


Started GET "/" for ::1 at 2019-02-04 14:56:28 -0800
Processing by StaticPagesController#index as HTML
  Rendering static_pages/index.html.erb within layouts/application
  Rendered shared/_main_nav.html.erb (0.5ms)
  Rendered shared/_masthead.html.erb (0.8ms)
  Rendered shared/_sections_nav.html.erb (0.4ms)
  Rendered shared/_search_modal.html.erb (0.4ms)
  Rendered shared/_main_content.html.erb (0.4ms)
  Rendered static_pages/index.html.erb within layouts/application (19.4ms)
Completed 200 OK in 47ms (Views: 43.3ms | ActiveRecord: 0.0ms)


Started GET "/images/AA_Times_Logo.png" for ::1 at 2019-02-04 14:56:29 -0800
  
ActionController::RoutingError (No route matches [GET] "/images/AA_Times_Logo.png"):
  
actionpack (5.0.7.1) lib/action_dispatch/middleware/debug_exceptions.rb:53:in `call'
web-console (3.7.0) lib/web_console/middleware.rb:135:in `call_app'
web-console (3.7.0) lib/web_console/middleware.rb:30:in `block in call'
web-console (3.7.0) lib/web_console/middleware.rb:20:in `catch'
web-console (3.7.0) lib/web_console/middleware.rb:20:in `call'
actionpack (5.0.7.1) lib/action_dispatch/middleware/show_exceptions.rb:31:in `call'
railties (5.0.7.1) lib/rails/rack/logger.rb:36:in `call_app'
railties (5.0.7.1) lib/rails/rack/logger.rb:24:in `block in call'
activesupport (5.0.7.1) lib/active_support/tagged_logging.rb:69:in `block in tagged'
activesupport (5.0.7.1) lib/active_support/tagged_logging.rb:26:in `tagged'
activesupport (5.0.7.1) lib/active_support/tagged_logging.rb:69:in `tagged'
railties (5.0.7.1) lib/rails/rack/logger.rb:24:in `call'
actionpack (5.0.7.1) lib/action_dispatch/middleware/request_id.rb:24:in `call'
rack (2.0.6) lib/rack/method_override.rb:22:in `call'
rack (2.0.6) lib/rack/runtime.rb:22:in `call'
activesupport (5.0.7.1) lib/active_support/cache/strategy/local_cache_middleware.rb:28:in `call'
actionpack (5.0.7.1) lib/action_dispatch/middleware/executor.rb:12:in `call'
rack-livereload (0.3.17) lib/rack/livereload.rb:23:in `_call'
rack-livereload (0.3.17) lib/rack/livereload.rb:14:in `call'
actionpack (5.0.7.1) lib/action_dispatch/middleware/static.rb:136:in `call'
rack (2.0.6) lib/rack/sendfile.rb:111:in `call'
railties (5.0.7.1) lib/rails/engine.rb:522:in `call'
puma (3.12.0) lib/puma/configuration.rb:225:in `call'
puma (3.12.0) lib/puma/server.rb:658:in `handle_request'
puma (3.12.0) lib/puma/server.rb:472:in `process_client'
puma (3.12.0) lib/puma/server.rb:332:in `block in run'
puma (3.12.0) lib/puma/thread_pool.rb:133:in `block in spawn_thread'
  Rendering /usr/local/var/rbenv/versions/2.3.1/lib/ruby/gems/2.3.0/gems/actionpack-5.0.7.1/lib/action_dispatch/middleware/templates/rescues/routing_error.html.erb within rescues/layout
  Rendering /usr/local/var/rbenv/versions/2.3.1/lib/ruby/gems/2.3.0/gems/actionpack-5.0.7.1/lib/action_dispatch/middleware/templates/rescues/_trace.html.erb
  Rendered /usr/local/var/rbenv/versions/2.3.1/lib/ruby/gems/2.3.0/gems/actionpack-5.0.7.1/lib/action_dispatch/middleware/templates/rescues/_trace.html.erb (1.7ms)
  Rendered collection of /usr/local/var/rbenv/versions/2.3.1/lib/ruby/gems/2.3.0/gems/actionpack-5.0.7.1/lib/action_dispatch/middleware/templates/routes/_route.html.erb [1 times] (34.1ms)
  Rendered /usr/local/var/rbenv/versions/2.3.1/lib/ruby/gems/2.3.0/gems/actionpack-5.0.7.1/lib/action_dispatch/middleware/templates/routes/_table.html.erb (241.3ms)
  Rendering /usr/local/var/rbenv/versions/2.3.1/lib/ruby/gems/2.3.0/gems/actionpack-5.0.7.1/lib/action_dispatch/middleware/templates/rescues/_request_and_response.html.erb
  Rendered /usr/local/var/rbenv/versions/2.3.1/lib/ruby/gems/2.3.0/gems/actionpack-5.0.7.1/lib/action_dispatch/middleware/templates/rescues/_request_and_response.html.erb (3.0ms)
  Rendered /usr/local/var/rbenv/versions/2.3.1/lib/ruby/gems/2.3.0/gems/actionpack-5.0.7.1/lib/action_dispatch/middleware/templates/rescues/routing_error.html.erb within rescues/layout (488.8ms)
Started GET "/" for ::1 at 2019-02-04 14:56:48 -0800
Processing by StaticPagesController#index as HTML
  Rendering static_pages/index.html.erb within layouts/application
  Rendered shared/_main_nav.html.erb (0.6ms)
  Rendered shared/_masthead.html.erb (0.8ms)
  Rendered shared/_sections_nav.html.erb (0.4ms)
  Rendered shared/_search_modal.html.erb (0.3ms)
  Rendered shared/_main_content.html.erb (0.5ms)
  Rendered static_pages/index.html.erb within layouts/application (18.2ms)
Completed 200 OK in 53ms (Views: 47.9ms | ActiveRecord: 0.0ms)


Started GET "/AA_Times_Logo.png" for ::1 at 2019-02-04 14:56:48 -0800
  
ActionController::RoutingError (No route matches [GET] "/AA_Times_Logo.png"):
  
actionpack (5.0.7.1) lib/action_dispatch/middleware/debug_exceptions.rb:53:in `call'
web-console (3.7.0) lib/web_console/middleware.rb:135:in `call_app'
web-console (3.7.0) lib/web_console/middleware.rb:30:in `block in call'
web-console (3.7.0) lib/web_console/middleware.rb:20:in `catch'
web-console (3.7.0) lib/web_console/middleware.rb:20:in `call'
actionpack (5.0.7.1) lib/action_dispatch/middleware/show_exceptions.rb:31:in `call'
railties (5.0.7.1) lib/rails/rack/logger.rb:36:in `call_app'
railties (5.0.7.1) lib/rails/rack/logger.rb:24:in `block in call'
activesupport (5.0.7.1) lib/active_support/tagged_logging.rb:69:in `block in tagged'
activesupport (5.0.7.1) lib/active_support/tagged_logging.rb:26:in `tagged'
activesupport (5.0.7.1) lib/active_support/tagged_logging.rb:69:in `tagged'
railties (5.0.7.1) lib/rails/rack/logger.rb:24:in `call'
actionpack (5.0.7.1) lib/action_dispatch/middleware/request_id.rb:24:in `call'
rack (2.0.6) lib/rack/method_override.rb:22:in `call'
rack (2.0.6) lib/rack/runtime.rb:22:in `call'
activesupport (5.0.7.1) lib/active_support/cache/strategy/local_cache_middleware.rb:28:in `call'
actionpack (5.0.7.1) lib/action_dispatch/middleware/executor.rb:12:in `call'
rack-livereload (0.3.17) lib/rack/livereload.rb:23:in `_call'
rack-livereload (0.3.17) lib/rack/livereload.rb:14:in `call'
actionpack (5.0.7.1) lib/action_dispatch/middleware/static.rb:136:in `call'
rack (2.0.6) lib/rack/sendfile.rb:111:in `call'
railties (5.0.7.1) lib/rails/engine.rb:522:in `call'
puma (3.12.0) lib/puma/configuration.rb:225:in `call'
puma (3.12.0) lib/puma/server.rb:658:in `handle_request'
puma (3.12.0) lib/puma/server.rb:472:in `process_client'
puma (3.12.0) lib/puma/server.rb:332:in `block in run'
puma (3.12.0) lib/puma/thread_pool.rb:133:in `block in spawn_thread'
  Rendering /usr/local/var/rbenv/versions/2.3.1/lib/ruby/gems/2.3.0/gems/actionpack-5.0.7.1/lib/action_dispatch/middleware/templates/rescues/routing_error.html.erb within rescues/layout
  Rendering /usr/local/var/rbenv/versions/2.3.1/lib/ruby/gems/2.3.0/gems/actionpack-5.0.7.1/lib/action_dispatch/middleware/templates/rescues/_trace.html.erb
  Rendered /usr/local/var/rbenv/versions/2.3.1/lib/ruby/gems/2.3.0/gems/actionpack-5.0.7.1/lib/action_dispatch/middleware/templates/rescues/_trace.html.erb (1.2ms)
  Rendered collection of /usr/local/var/rbenv/versions/2.3.1/lib/ruby/gems/2.3.0/gems/actionpack-5.0.7.1/lib/action_dispatch/middleware/templates/routes/_route.html.erb [1 times] (10.4ms)
  Rendered /usr/local/var/rbenv/versions/2.3.1/lib/ruby/gems/2.3.0/gems/actionpack-5.0.7.1/lib/action_dispatch/middleware/templates/routes/_table.html.erb (1.5ms)
  Rendering /usr/local/var/rbenv/versions/2.3.1/lib/ruby/gems/2.3.0/gems/actionpack-5.0.7.1/lib/action_dispatch/middleware/templates/rescues/_request_and_response.html.erb
  Rendered /usr/local/var/rbenv/versions/2.3.1/lib/ruby/gems/2.3.0/gems/actionpack-5.0.7.1/lib/action_dispatch/middleware/templates/rescues/_request_and_response.html.erb (1.9ms)
  Rendered /usr/local/var/rbenv/versions/2.3.1/lib/ruby/gems/2.3.0/gems/actionpack-5.0.7.1/lib/action_dispatch/middleware/templates/rescues/routing_error.html.erb within rescues/layout (211.3ms)
Started GET "/" for ::1 at 2019-02-04 14:56:49 -0800
Processing by StaticPagesController#index as HTML
  Rendering static_pages/index.html.erb within layouts/application
  Rendered shared/_main_nav.html.erb (0.4ms)
  Rendered shared/_masthead.html.erb (0.4ms)
  Rendered shared/_sections_nav.html.erb (0.3ms)
  Rendered shared/_search_modal.html.erb (0.4ms)
  Rendered shared/_main_content.html.erb (0.5ms)
  Rendered static_pages/index.html.erb within layouts/application (67.8ms)
Completed 200 OK in 286ms (Views: 283.7ms | ActiveRecord: 0.0ms)


Started GET "/AA_Times_Logo.png" for ::1 at 2019-02-04 14:56:49 -0800
  
ActionController::RoutingError (No route matches [GET] "/AA_Times_Logo.png"):
  
actionpack (5.0.7.1) lib/action_dispatch/middleware/debug_exceptions.rb:53:in `call'
web-console (3.7.0) lib/web_console/middleware.rb:135:in `call_app'
web-console (3.7.0) lib/web_console/middleware.rb:30:in `block in call'
web-console (3.7.0) lib/web_console/middleware.rb:20:in `catch'
web-console (3.7.0) lib/web_console/middleware.rb:20:in `call'
actionpack (5.0.7.1) lib/action_dispatch/middleware/show_exceptions.rb:31:in `call'
railties (5.0.7.1) lib/rails/rack/logger.rb:36:in `call_app'
railties (5.0.7.1) lib/rails/rack/logger.rb:24:in `block in call'
activesupport (5.0.7.1) lib/active_support/tagged_logging.rb:69:in `block in tagged'
activesupport (5.0.7.1) lib/active_support/tagged_logging.rb:26:in `tagged'
activesupport (5.0.7.1) lib/active_support/tagged_logging.rb:69:in `tagged'
railties (5.0.7.1) lib/rails/rack/logger.rb:24:in `call'
actionpack (5.0.7.1) lib/action_dispatch/middleware/request_id.rb:24:in `call'
rack (2.0.6) lib/rack/method_override.rb:22:in `call'
rack (2.0.6) lib/rack/runtime.rb:22:in `call'
activesupport (5.0.7.1) lib/active_support/cache/strategy/local_cache_middleware.rb:28:in `call'
actionpack (5.0.7.1) lib/action_dispatch/middleware/executor.rb:12:in `call'
rack-livereload (0.3.17) lib/rack/livereload.rb:23:in `_call'
rack-livereload (0.3.17) lib/rack/livereload.rb:14:in `call'
actionpack (5.0.7.1) lib/action_dispatch/middleware/static.rb:136:in `call'
rack (2.0.6) lib/rack/sendfile.rb:111:in `call'
railties (5.0.7.1) lib/rails/engine.rb:522:in `call'
puma (3.12.0) lib/puma/configuration.rb:225:in `call'
puma (3.12.0) lib/puma/server.rb:658:in `handle_request'
puma (3.12.0) lib/puma/server.rb:472:in `process_client'
puma (3.12.0) lib/puma/server.rb:332:in `block in run'
puma (3.12.0) lib/puma/thread_pool.rb:133:in `block in spawn_thread'
  Rendering /usr/local/var/rbenv/versions/2.3.1/lib/ruby/gems/2.3.0/gems/actionpack-5.0.7.1/lib/action_dispatch/middleware/templates/rescues/routing_error.html.erb within rescues/layout
  Rendering /usr/local/var/rbenv/versions/2.3.1/lib/ruby/gems/2.3.0/gems/actionpack-5.0.7.1/lib/action_dispatch/middleware/templates/rescues/_trace.html.erb
  Rendered /usr/local/var/rbenv/versions/2.3.1/lib/ruby/gems/2.3.0/gems/actionpack-5.0.7.1/lib/action_dispatch/middleware/templates/rescues/_trace.html.erb (1.4ms)
  Rendered collection of /usr/local/var/rbenv/versions/2.3.1/lib/ruby/gems/2.3.0/gems/actionpack-5.0.7.1/lib/action_dispatch/middleware/templates/routes/_route.html.erb [1 times] (1.1ms)
  Rendered /usr/local/var/rbenv/versions/2.3.1/lib/ruby/gems/2.3.0/gems/actionpack-5.0.7.1/lib/action_dispatch/middleware/templates/routes/_table.html.erb (1.3ms)
  Rendering /usr/local/var/rbenv/versions/2.3.1/lib/ruby/gems/2.3.0/gems/actionpack-5.0.7.1/lib/action_dispatch/middleware/templates/rescues/_request_and_response.html.erb
  Rendered /usr/local/var/rbenv/versions/2.3.1/lib/ruby/gems/2.3.0/gems/actionpack-5.0.7.1/lib/action_dispatch/middleware/templates/rescues/_request_and_response.html.erb (1.3ms)
  Rendered /usr/local/var/rbenv/versions/2.3.1/lib/ruby/gems/2.3.0/gems/actionpack-5.0.7.1/lib/action_dispatch/middleware/templates/rescues/routing_error.html.erb within rescues/layout (203.4ms)
Started GET "/" for ::1 at 2019-02-04 14:57:03 -0800
Processing by StaticPagesController#index as HTML
  Rendering static_pages/index.html.erb within layouts/application
  Rendered shared/_main_nav.html.erb (0.4ms)
  Rendered shared/_masthead.html.erb (0.7ms)
  Rendered shared/_sections_nav.html.erb (0.5ms)
  Rendered shared/_search_modal.html.erb (0.4ms)
  Rendered shared/_main_content.html.erb (0.3ms)
  Rendered static_pages/index.html.erb within layouts/application (16.8ms)
Completed 200 OK in 45ms (Views: 42.2ms | ActiveRecord: 0.0ms)


Started GET "/imagesAA_Times_Logo.png" for ::1 at 2019-02-04 14:57:03 -0800
  
ActionController::RoutingError (No route matches [GET] "/imagesAA_Times_Logo.png"):
  
actionpack (5.0.7.1) lib/action_dispatch/middleware/debug_exceptions.rb:53:in `call'
web-console (3.7.0) lib/web_console/middleware.rb:135:in `call_app'
web-console (3.7.0) lib/web_console/middleware.rb:30:in `block in call'
web-console (3.7.0) lib/web_console/middleware.rb:20:in `catch'
web-console (3.7.0) lib/web_console/middleware.rb:20:in `call'
actionpack (5.0.7.1) lib/action_dispatch/middleware/show_exceptions.rb:31:in `call'
railties (5.0.7.1) lib/rails/rack/logger.rb:36:in `call_app'
railties (5.0.7.1) lib/rails/rack/logger.rb:24:in `block in call'
activesupport (5.0.7.1) lib/active_support/tagged_logging.rb:69:in `block in tagged'
activesupport (5.0.7.1) lib/active_support/tagged_logging.rb:26:in `tagged'
activesupport (5.0.7.1) lib/active_support/tagged_logging.rb:69:in `tagged'
railties (5.0.7.1) lib/rails/rack/logger.rb:24:in `call'
actionpack (5.0.7.1) lib/action_dispatch/middleware/request_id.rb:24:in `call'
rack (2.0.6) lib/rack/method_override.rb:22:in `call'
rack (2.0.6) lib/rack/runtime.rb:22:in `call'
activesupport (5.0.7.1) lib/active_support/cache/strategy/local_cache_middleware.rb:28:in `call'
actionpack (5.0.7.1) lib/action_dispatch/middleware/executor.rb:12:in `call'
rack-livereload (0.3.17) lib/rack/livereload.rb:23:in `_call'
rack-livereload (0.3.17) lib/rack/livereload.rb:14:in `call'
actionpack (5.0.7.1) lib/action_dispatch/middleware/static.rb:136:in `call'
rack (2.0.6) lib/rack/sendfile.rb:111:in `call'
railties (5.0.7.1) lib/rails/engine.rb:522:in `call'
puma (3.12.0) lib/puma/configuration.rb:225:in `call'
puma (3.12.0) lib/puma/server.rb:658:in `handle_request'
puma (3.12.0) lib/puma/server.rb:472:in `process_client'
puma (3.12.0) lib/puma/server.rb:332:in `block in run'
puma (3.12.0) lib/puma/thread_pool.rb:133:in `block in spawn_thread'
  Rendering /usr/local/var/rbenv/versions/2.3.1/lib/ruby/gems/2.3.0/gems/actionpack-5.0.7.1/lib/action_dispatch/middleware/templates/rescues/routing_error.html.erb within rescues/layout
  Rendering /usr/local/var/rbenv/versions/2.3.1/lib/ruby/gems/2.3.0/gems/actionpack-5.0.7.1/lib/action_dispatch/middleware/templates/rescues/_trace.html.erb
  Rendered /usr/local/var/rbenv/versions/2.3.1/lib/ruby/gems/2.3.0/gems/actionpack-5.0.7.1/lib/action_dispatch/middleware/templates/rescues/_trace.html.erb (2.2ms)
  Rendered collection of /usr/local/var/rbenv/versions/2.3.1/lib/ruby/gems/2.3.0/gems/actionpack-5.0.7.1/lib/action_dispatch/middleware/templates/routes/_route.html.erb [1 times] (1.2ms)
  Rendered /usr/local/var/rbenv/versions/2.3.1/lib/ruby/gems/2.3.0/gems/actionpack-5.0.7.1/lib/action_dispatch/middleware/templates/routes/_table.html.erb (1.5ms)
  Rendering /usr/local/var/rbenv/versions/2.3.1/lib/ruby/gems/2.3.0/gems/actionpack-5.0.7.1/lib/action_dispatch/middleware/templates/rescues/_request_and_response.html.erb
  Rendered /usr/local/var/rbenv/versions/2.3.1/lib/ruby/gems/2.3.0/gems/actionpack-5.0.7.1/lib/action_dispatch/middleware/templates/rescues/_request_and_response.html.erb (1.2ms)
  Rendered /usr/local/var/rbenv/versions/2.3.1/lib/ruby/gems/2.3.0/gems/actionpack-5.0.7.1/lib/action_dispatch/middleware/templates/rescues/routing_error.html.erb within rescues/layout (222.2ms)
Started GET "/" for ::1 at 2019-02-04 14:57:11 -0800
Processing by StaticPagesController#index as HTML
  Rendering static_pages/index.html.erb within layouts/application
  Rendered shared/_main_nav.html.erb (0.4ms)
  Rendered shared/_masthead.html.erb (0.5ms)
  Rendered shared/_sections_nav.html.erb (0.7ms)
  Rendered shared/_search_modal.html.erb (0.3ms)
  Rendered shared/_main_content.html.erb (0.8ms)
  Rendered static_pages/index.html.erb within layouts/application (17.0ms)
Completed 200 OK in 51ms (Views: 47.3ms | ActiveRecord: 0.0ms)


Started GET "/images/AA_Times_Logo.png" for ::1 at 2019-02-04 14:57:11 -0800
  
ActionController::RoutingError (No route matches [GET] "/images/AA_Times_Logo.png"):
  
actionpack (5.0.7.1) lib/action_dispatch/middleware/debug_exceptions.rb:53:in `call'
web-console (3.7.0) lib/web_console/middleware.rb:135:in `call_app'
web-console (3.7.0) lib/web_console/middleware.rb:30:in `block in call'
web-console (3.7.0) lib/web_console/middleware.rb:20:in `catch'
web-console (3.7.0) lib/web_console/middleware.rb:20:in `call'
actionpack (5.0.7.1) lib/action_dispatch/middleware/show_exceptions.rb:31:in `call'
railties (5.0.7.1) lib/rails/rack/logger.rb:36:in `call_app'
railties (5.0.7.1) lib/rails/rack/logger.rb:24:in `block in call'
activesupport (5.0.7.1) lib/active_support/tagged_logging.rb:69:in `block in tagged'
activesupport (5.0.7.1) lib/active_support/tagged_logging.rb:26:in `tagged'
activesupport (5.0.7.1) lib/active_support/tagged_logging.rb:69:in `tagged'
railties (5.0.7.1) lib/rails/rack/logger.rb:24:in `call'
actionpack (5.0.7.1) lib/action_dispatch/middleware/request_id.rb:24:in `call'
rack (2.0.6) lib/rack/method_override.rb:22:in `call'
rack (2.0.6) lib/rack/runtime.rb:22:in `call'
activesupport (5.0.7.1) lib/active_support/cache/strategy/local_cache_middleware.rb:28:in `call'
actionpack (5.0.7.1) lib/action_dispatch/middleware/executor.rb:12:in `call'
rack-livereload (0.3.17) lib/rack/livereload.rb:23:in `_call'
rack-livereload (0.3.17) lib/rack/livereload.rb:14:in `call'
actionpack (5.0.7.1) lib/action_dispatch/middleware/static.rb:136:in `call'
rack (2.0.6) lib/rack/sendfile.rb:111:in `call'
railties (5.0.7.1) lib/rails/engine.rb:522:in `call'
puma (3.12.0) lib/puma/configuration.rb:225:in `call'
puma (3.12.0) lib/puma/server.rb:658:in `handle_request'
puma (3.12.0) lib/puma/server.rb:472:in `process_client'
puma (3.12.0) lib/puma/server.rb:332:in `block in run'
puma (3.12.0) lib/puma/thread_pool.rb:133:in `block in spawn_thread'
  Rendering /usr/local/var/rbenv/versions/2.3.1/lib/ruby/gems/2.3.0/gems/actionpack-5.0.7.1/lib/action_dispatch/middleware/templates/rescues/routing_error.html.erb within rescues/layout
  Rendering /usr/local/var/rbenv/versions/2.3.1/lib/ruby/gems/2.3.0/gems/actionpack-5.0.7.1/lib/action_dispatch/middleware/templates/rescues/_trace.html.erb
  Rendered /usr/local/var/rbenv/versions/2.3.1/lib/ruby/gems/2.3.0/gems/actionpack-5.0.7.1/lib/action_dispatch/middleware/templates/rescues/_trace.html.erb (3.0ms)
  Rendered collection of /usr/local/var/rbenv/versions/2.3.1/lib/ruby/gems/2.3.0/gems/actionpack-5.0.7.1/lib/action_dispatch/middleware/templates/routes/_route.html.erb [1 times] (1.3ms)
  Rendered /usr/local/var/rbenv/versions/2.3.1/lib/ruby/gems/2.3.0/gems/actionpack-5.0.7.1/lib/action_dispatch/middleware/templates/routes/_table.html.erb (1.3ms)
  Rendering /usr/local/var/rbenv/versions/2.3.1/lib/ruby/gems/2.3.0/gems/actionpack-5.0.7.1/lib/action_dispatch/middleware/templates/rescues/_request_and_response.html.erb
  Rendered /usr/local/var/rbenv/versions/2.3.1/lib/ruby/gems/2.3.0/gems/actionpack-5.0.7.1/lib/action_dispatch/middleware/templates/rescues/_request_and_response.html.erb (1.2ms)
  Rendered /usr/local/var/rbenv/versions/2.3.1/lib/ruby/gems/2.3.0/gems/actionpack-5.0.7.1/lib/action_dispatch/middleware/templates/rescues/routing_error.html.erb within rescues/layout (216.9ms)
Started GET "/" for ::1 at 2019-02-04 14:57:25 -0800
Processing by StaticPagesController#index as HTML
  Rendering static_pages/index.html.erb within layouts/application
  Rendered shared/_main_nav.html.erb (0.8ms)
  Rendered shared/_masthead.html.erb (0.5ms)
  Rendered shared/_sections_nav.html.erb (0.5ms)
  Rendered shared/_search_modal.html.erb (0.4ms)
  Rendered shared/_main_content.html.erb (0.3ms)
  Rendered static_pages/index.html.erb within layouts/application (17.5ms)
Completed 200 OK in 47ms (Views: 42.5ms | ActiveRecord: 0.0ms)


Started GET "/images/AA_Times_Logo.png" for ::1 at 2019-02-04 14:57:25 -0800
  
ActionController::RoutingError (No route matches [GET] "/images/AA_Times_Logo.png"):
  
actionpack (5.0.7.1) lib/action_dispatch/middleware/debug_exceptions.rb:53:in `call'
web-console (3.7.0) lib/web_console/middleware.rb:135:in `call_app'
web-console (3.7.0) lib/web_console/middleware.rb:30:in `block in call'
web-console (3.7.0) lib/web_console/middleware.rb:20:in `catch'
web-console (3.7.0) lib/web_console/middleware.rb:20:in `call'
actionpack (5.0.7.1) lib/action_dispatch/middleware/show_exceptions.rb:31:in `call'
railties (5.0.7.1) lib/rails/rack/logger.rb:36:in `call_app'
railties (5.0.7.1) lib/rails/rack/logger.rb:24:in `block in call'
activesupport (5.0.7.1) lib/active_support/tagged_logging.rb:69:in `block in tagged'
activesupport (5.0.7.1) lib/active_support/tagged_logging.rb:26:in `tagged'
activesupport (5.0.7.1) lib/active_support/tagged_logging.rb:69:in `tagged'
railties (5.0.7.1) lib/rails/rack/logger.rb:24:in `call'
actionpack (5.0.7.1) lib/action_dispatch/middleware/request_id.rb:24:in `call'
rack (2.0.6) lib/rack/method_override.rb:22:in `call'
rack (2.0.6) lib/rack/runtime.rb:22:in `call'
activesupport (5.0.7.1) lib/active_support/cache/strategy/local_cache_middleware.rb:28:in `call'
actionpack (5.0.7.1) lib/action_dispatch/middleware/executor.rb:12:in `call'
rack-livereload (0.3.17) lib/rack/livereload.rb:23:in `_call'
rack-livereload (0.3.17) lib/rack/livereload.rb:14:in `call'
actionpack (5.0.7.1) lib/action_dispatch/middleware/static.rb:136:in `call'
rack (2.0.6) lib/rack/sendfile.rb:111:in `call'
railties (5.0.7.1) lib/rails/engine.rb:522:in `call'
puma (3.12.0) lib/puma/configuration.rb:225:in `call'
puma (3.12.0) lib/puma/server.rb:658:in `handle_request'
puma (3.12.0) lib/puma/server.rb:472:in `process_client'
puma (3.12.0) lib/puma/server.rb:332:in `block in run'
puma (3.12.0) lib/puma/thread_pool.rb:133:in `block in spawn_thread'
  Rendering /usr/local/var/rbenv/versions/2.3.1/lib/ruby/gems/2.3.0/gems/actionpack-5.0.7.1/lib/action_dispatch/middleware/templates/rescues/routing_error.html.erb within rescues/layout
  Rendering /usr/local/var/rbenv/versions/2.3.1/lib/ruby/gems/2.3.0/gems/actionpack-5.0.7.1/lib/action_dispatch/middleware/templates/rescues/_trace.html.erb
  Rendered /usr/local/var/rbenv/versions/2.3.1/lib/ruby/gems/2.3.0/gems/actionpack-5.0.7.1/lib/action_dispatch/middleware/templates/rescues/_trace.html.erb (1.8ms)
  Rendered collection of /usr/local/var/rbenv/versions/2.3.1/lib/ruby/gems/2.3.0/gems/actionpack-5.0.7.1/lib/action_dispatch/middleware/templates/routes/_route.html.erb [1 times] (2.9ms)
  Rendered /usr/local/var/rbenv/versions/2.3.1/lib/ruby/gems/2.3.0/gems/actionpack-5.0.7.1/lib/action_dispatch/middleware/templates/routes/_table.html.erb (1.3ms)
  Rendering /usr/local/var/rbenv/versions/2.3.1/lib/ruby/gems/2.3.0/gems/actionpack-5.0.7.1/lib/action_dispatch/middleware/templates/rescues/_request_and_response.html.erb
  Rendered /usr/local/var/rbenv/versions/2.3.1/lib/ruby/gems/2.3.0/gems/actionpack-5.0.7.1/lib/action_dispatch/middleware/templates/rescues/_request_and_response.html.erb (1.3ms)
  Rendered /usr/local/var/rbenv/versions/2.3.1/lib/ruby/gems/2.3.0/gems/actionpack-5.0.7.1/lib/action_dispatch/middleware/templates/rescues/routing_error.html.erb within rescues/layout (212.2ms)
Started GET "/" for ::1 at 2019-02-04 14:57:51 -0800
Processing by StaticPagesController#index as HTML
  Rendering static_pages/index.html.erb within layouts/application
  Rendered shared/_main_nav.html.erb (0.7ms)
  Rendered shared/_masthead.html.erb (0.7ms)
  Rendered shared/_sections_nav.html.erb (0.6ms)
  Rendered shared/_search_modal.html.erb (0.5ms)
  Rendered shared/_main_content.html.erb (0.4ms)
  Rendered static_pages/index.html.erb within layouts/application (23.8ms)
Completed 200 OK in 55ms (Views: 52.0ms | ActiveRecord: 0.0ms)


Started GET "//images/AA_Times_Logo.png" for ::1 at 2019-02-04 14:57:51 -0800
  
ActionController::RoutingError (No route matches [GET] "/images/AA_Times_Logo.png"):
  
actionpack (5.0.7.1) lib/action_dispatch/middleware/debug_exceptions.rb:53:in `call'
web-console (3.7.0) lib/web_console/middleware.rb:135:in `call_app'
web-console (3.7.0) lib/web_console/middleware.rb:30:in `block in call'
web-console (3.7.0) lib/web_console/middleware.rb:20:in `catch'
web-console (3.7.0) lib/web_console/middleware.rb:20:in `call'
actionpack (5.0.7.1) lib/action_dispatch/middleware/show_exceptions.rb:31:in `call'
railties (5.0.7.1) lib/rails/rack/logger.rb:36:in `call_app'
railties (5.0.7.1) lib/rails/rack/logger.rb:24:in `block in call'
activesupport (5.0.7.1) lib/active_support/tagged_logging.rb:69:in `block in tagged'
activesupport (5.0.7.1) lib/active_support/tagged_logging.rb:26:in `tagged'
activesupport (5.0.7.1) lib/active_support/tagged_logging.rb:69:in `tagged'
railties (5.0.7.1) lib/rails/rack/logger.rb:24:in `call'
actionpack (5.0.7.1) lib/action_dispatch/middleware/request_id.rb:24:in `call'
rack (2.0.6) lib/rack/method_override.rb:22:in `call'
rack (2.0.6) lib/rack/runtime.rb:22:in `call'
activesupport (5.0.7.1) lib/active_support/cache/strategy/local_cache_middleware.rb:28:in `call'
actionpack (5.0.7.1) lib/action_dispatch/middleware/executor.rb:12:in `call'
rack-livereload (0.3.17) lib/rack/livereload.rb:23:in `_call'
rack-livereload (0.3.17) lib/rack/livereload.rb:14:in `call'
actionpack (5.0.7.1) lib/action_dispatch/middleware/static.rb:136:in `call'
rack (2.0.6) lib/rack/sendfile.rb:111:in `call'
railties (5.0.7.1) lib/rails/engine.rb:522:in `call'
puma (3.12.0) lib/puma/configuration.rb:225:in `call'
puma (3.12.0) lib/puma/server.rb:658:in `handle_request'
puma (3.12.0) lib/puma/server.rb:472:in `process_client'
puma (3.12.0) lib/puma/server.rb:332:in `block in run'
puma (3.12.0) lib/puma/thread_pool.rb:133:in `block in spawn_thread'
  Rendering /usr/local/var/rbenv/versions/2.3.1/lib/ruby/gems/2.3.0/gems/actionpack-5.0.7.1/lib/action_dispatch/middleware/templates/rescues/routing_error.html.erb within rescues/layout
  Rendering /usr/local/var/rbenv/versions/2.3.1/lib/ruby/gems/2.3.0/gems/actionpack-5.0.7.1/lib/action_dispatch/middleware/templates/rescues/_trace.html.erb
  Rendered /usr/local/var/rbenv/versions/2.3.1/lib/ruby/gems/2.3.0/gems/actionpack-5.0.7.1/lib/action_dispatch/middleware/templates/rescues/_trace.html.erb (1.4ms)
  Rendered collection of /usr/local/var/rbenv/versions/2.3.1/lib/ruby/gems/2.3.0/gems/actionpack-5.0.7.1/lib/action_dispatch/middleware/templates/routes/_route.html.erb [1 times] (1.6ms)
  Rendered /usr/local/var/rbenv/versions/2.3.1/lib/ruby/gems/2.3.0/gems/actionpack-5.0.7.1/lib/action_dispatch/middleware/templates/routes/_table.html.erb (1.5ms)
  Rendering /usr/local/var/rbenv/versions/2.3.1/lib/ruby/gems/2.3.0/gems/actionpack-5.0.7.1/lib/action_dispatch/middleware/templates/rescues/_request_and_response.html.erb
  Rendered /usr/local/var/rbenv/versions/2.3.1/lib/ruby/gems/2.3.0/gems/actionpack-5.0.7.1/lib/action_dispatch/middleware/templates/rescues/_request_and_response.html.erb (1.3ms)
  Rendered /usr/local/var/rbenv/versions/2.3.1/lib/ruby/gems/2.3.0/gems/actionpack-5.0.7.1/lib/action_dispatch/middleware/templates/rescues/routing_error.html.erb within rescues/layout (200.6ms)
Started GET "/" for ::1 at 2019-02-04 14:58:38 -0800
Processing by StaticPagesController#index as HTML
  Rendering static_pages/index.html.erb within layouts/application
  Rendered shared/_main_nav.html.erb (0.4ms)
  Rendered shared/_masthead.html.erb (0.5ms)
  Rendered shared/_sections_nav.html.erb (0.5ms)
  Rendered shared/_search_modal.html.erb (0.4ms)
  Rendered shared/_main_content.html.erb (0.6ms)
  Rendered static_pages/index.html.erb within layouts/application (23.5ms)
Completed 200 OK in 55ms (Views: 52.2ms | ActiveRecord: 0.0ms)


Started GET "/assets/AA_Times_Logo.png" for ::1 at 2019-02-04 14:58:38 -0800
Started GET "/" for ::1 at 2019-02-04 14:59:13 -0800
Processing by StaticPagesController#index as HTML
  Rendering static_pages/index.html.erb within layouts/application
  Rendered shared/_main_nav.html.erb (0.6ms)
  Rendered shared/_masthead.html.erb (0.6ms)
  Rendered shared/_sections_nav.html.erb (0.5ms)
  Rendered shared/_search_modal.html.erb (0.4ms)
  Rendered shared/_main_content.html.erb (0.3ms)
  Rendered static_pages/index.html.erb within layouts/application (16.8ms)
Completed 200 OK in 43ms (Views: 39.2ms | ActiveRecord: 0.0ms)


Started GET "/assets/AA_Times_Logo.png" for ::1 at 2019-02-04 14:59:13 -0800
Started GET "/" for ::1 at 2019-02-04 14:59:49 -0800
Processing by StaticPagesController#index as HTML
  Rendering static_pages/index.html.erb within layouts/application
  Rendered shared/_main_nav.html.erb (0.7ms)
  Rendered shared/_masthead.html.erb (0.7ms)
  Rendered shared/_sections_nav.html.erb (0.3ms)
  Rendered shared/_search_modal.html.erb (0.3ms)
  Rendered shared/_main_content.html.erb (0.4ms)
  Rendered static_pages/index.html.erb within layouts/application (17.6ms)
Completed 200 OK in 48ms (Views: 43.7ms | ActiveRecord: 0.0ms)


Started GET "/assets/AA_Times_Logo.png" for ::1 at 2019-02-04 14:59:49 -0800
Started GET "/assets/application.self-f116de979db30f4f2c5d1490fa8db35ee32337ec2a97c5c584b3f362630daded.css?body=1&livereload=1549321425273" for ::1 at 2019-02-04 15:03:45 -0800
Started GET "/assets/application.self-f116de979db30f4f2c5d1490fa8db35ee32337ec2a97c5c584b3f362630daded.css?body=1&livereload=1549321425272" for ::1 at 2019-02-04 15:03:45 -0800
Started GET "/assets/application.self-f116de979db30f4f2c5d1490fa8db35ee32337ec2a97c5c584b3f362630daded.css?body=1&livereload=1549321434945" for ::1 at 2019-02-04 15:03:54 -0800
Started GET "/assets/application.self-f116de979db30f4f2c5d1490fa8db35ee32337ec2a97c5c584b3f362630daded.css?body=1&livereload=1549321434947" for ::1 at 2019-02-04 15:03:54 -0800
Started GET "/" for ::1 at 2019-02-04 15:04:12 -0800
Processing by StaticPagesController#index as HTML
  Rendering static_pages/index.html.erb within layouts/application
  Rendered shared/_main_nav.html.erb (0.5ms)
  Rendered shared/_masthead.html.erb (0.6ms)
  Rendered shared/_sections_nav.html.erb (0.5ms)
  Rendered shared/_search_modal.html.erb (0.4ms)
  Rendered shared/_main_content.html.erb (0.4ms)
  Rendered static_pages/index.html.erb within layouts/application (19.8ms)
Completed 200 OK in 53ms (Views: 50.5ms | ActiveRecord: 0.0ms)


Started GET "/assets/application.self-d5aeb380b162f6aa369224496631fcb94fe41d0e56dbd82d3a89fc1d8f9ad704.css?body=1" for ::1 at 2019-02-04 15:04:12 -0800
Started GET "/assets/AA_Times_Logo.png" for ::1 at 2019-02-04 15:04:12 -0800
Started GET "/" for ::1 at 2019-02-04 15:04:40 -0800
Processing by StaticPagesController#index as HTML
  Rendering static_pages/index.html.erb within layouts/application
  Rendered shared/_main_nav.html.erb (0.5ms)
  Rendered shared/_masthead.html.erb (1.1ms)
  Rendered shared/_sections_nav.html.erb (0.5ms)
  Rendered shared/_search_modal.html.erb (0.4ms)
  Rendered shared/_main_content.html.erb (0.4ms)
  Rendered static_pages/index.html.erb within layouts/application (25.0ms)
Completed 200 OK in 66ms (Views: 63.2ms | ActiveRecord: 0.0ms)


Started GET "/assets/AA_Times_Logo.png" for ::1 at 2019-02-04 15:04:40 -0800
Started GET "/assets/application.self-d5aeb380b162f6aa369224496631fcb94fe41d0e56dbd82d3a89fc1d8f9ad704.css?body=1&livereload=1549321541586" for ::1 at 2019-02-04 15:05:41 -0800
Started GET "/assets/application.self-d5aeb380b162f6aa369224496631fcb94fe41d0e56dbd82d3a89fc1d8f9ad704.css?body=1&livereload=1549321541588" for ::1 at 2019-02-04 15:05:41 -0800
Started GET "/assets/application.self-d5aeb380b162f6aa369224496631fcb94fe41d0e56dbd82d3a89fc1d8f9ad704.css?body=1&livereload=1549321550356" for ::1 at 2019-02-04 15:05:50 -0800
Started GET "/assets/application.self-d5aeb380b162f6aa369224496631fcb94fe41d0e56dbd82d3a89fc1d8f9ad704.css?body=1&livereload=1549321550357" for ::1 at 2019-02-04 15:05:50 -0800
Started GET "/assets/application.self-d5aeb380b162f6aa369224496631fcb94fe41d0e56dbd82d3a89fc1d8f9ad704.css?body=1&livereload=1549321556227" for ::1 at 2019-02-04 15:05:56 -0800
Started GET "/assets/application.self-d5aeb380b162f6aa369224496631fcb94fe41d0e56dbd82d3a89fc1d8f9ad704.css?body=1&livereload=1549321556227&livereload=1549321556227" for ::1 at 2019-02-04 15:05:56 -0800
Started GET "/assets/application.self-d5aeb380b162f6aa369224496631fcb94fe41d0e56dbd82d3a89fc1d8f9ad704.css?body=1&livereload=1549321597988&livereload=1549321556227" for ::1 at 2019-02-04 15:06:37 -0800
Started GET "/assets/application.self-d5aeb380b162f6aa369224496631fcb94fe41d0e56dbd82d3a89fc1d8f9ad704.css?body=1&livereload=1549321597989&livereload=1549321556227" for ::1 at 2019-02-04 15:06:37 -0800
Started GET "/assets/application.self-d5aeb380b162f6aa369224496631fcb94fe41d0e56dbd82d3a89fc1d8f9ad704.css?body=1&livereload=1549321598631&livereload=1549321556227" for ::1 at 2019-02-04 15:06:38 -0800
Started GET "/assets/application.self-d5aeb380b162f6aa369224496631fcb94fe41d0e56dbd82d3a89fc1d8f9ad704.css?body=1&livereload=1549321598631&livereload=1549321556227&livereload=1549321598631" for ::1 at 2019-02-04 15:06:38 -0800
Started GET "/assets/application.self-d5aeb380b162f6aa369224496631fcb94fe41d0e56dbd82d3a89fc1d8f9ad704.css?body=1&livereload=1549321600858&livereload=1549321556227&livereload=1549321598631" for ::1 at 2019-02-04 15:06:40 -0800
Started GET "/assets/application.self-d5aeb380b162f6aa369224496631fcb94fe41d0e56dbd82d3a89fc1d8f9ad704.css?body=1&livereload=1549321600860&livereload=1549321556227&livereload=1549321598631" for ::1 at 2019-02-04 15:06:40 -0800
Started GET "/" for ::1 at 2019-02-04 15:08:11 -0800
Processing by StaticPagesController#index as HTML
  Rendering static_pages/index.html.erb within layouts/application
  Rendered shared/_main_nav.html.erb (0.6ms)
  Rendered shared/_masthead.html.erb (0.4ms)
  Rendered shared/_sections_nav.html.erb (0.3ms)
  Rendered shared/_search_modal.html.erb (0.3ms)
  Rendered shared/_main_content.html.erb (0.7ms)
  Rendered static_pages/index.html.erb within layouts/application (18.7ms)
Completed 200 OK in 49ms (Views: 46.1ms | ActiveRecord: 0.0ms)


Started GET "/assets/AA_Times_Logo.png" for ::1 at 2019-02-04 15:08:11 -0800
Started GET "/" for ::1 at 2019-02-04 15:08:22 -0800
Processing by StaticPagesController#index as HTML
  Rendering static_pages/index.html.erb within layouts/application
  Rendered shared/_main_nav.html.erb (0.5ms)
  Rendered shared/_masthead.html.erb (0.4ms)
  Rendered shared/_sections_nav.html.erb (0.3ms)
  Rendered shared/_search_modal.html.erb (0.4ms)
  Rendered shared/_main_content.html.erb (0.4ms)
  Rendered static_pages/index.html.erb within layouts/application (18.7ms)
Completed 200 OK in 48ms (Views: 42.4ms | ActiveRecord: 0.0ms)


Started GET "/assets/AA_Times_Logo.png" for ::1 at 2019-02-04 15:08:22 -0800
Started GET "/" for ::1 at 2019-02-04 15:09:08 -0800
Processing by StaticPagesController#index as HTML
  Rendering static_pages/index.html.erb within layouts/application
  Rendered shared/_main_nav.html.erb (0.7ms)
  Rendered shared/_masthead.html.erb (0.4ms)
  Rendered shared/_sections_nav.html.erb (0.3ms)
  Rendered shared/_search_modal.html.erb (0.3ms)
  Rendered shared/_main_content.html.erb (0.4ms)
  Rendered static_pages/index.html.erb within layouts/application (18.8ms)
Completed 200 OK in 45ms (Views: 41.2ms | ActiveRecord: 0.0ms)


Started GET "/assets/AA_Times_Logo.png" for ::1 at 2019-02-04 15:09:08 -0800
Started GET "/" for ::1 at 2019-02-04 15:11:15 -0800
Processing by StaticPagesController#index as HTML
  Rendering static_pages/index.html.erb within layouts/application
  Rendered shared/_main_nav.html.erb (0.8ms)
  Rendered shared/_masthead.html.erb (0.5ms)
  Rendered shared/_sections_nav.html.erb (1.1ms)
  Rendered shared/_search_modal.html.erb (0.4ms)
  Rendered shared/_main_content.html.erb (0.3ms)
  Rendered static_pages/index.html.erb within layouts/application (31.4ms)
Completed 200 OK in 71ms (Views: 65.4ms | ActiveRecord: 0.0ms)


Started GET "/assets/AA_Times_Logo.png" for ::1 at 2019-02-04 15:11:15 -0800
Started GET "/assets/application.self-d5aeb380b162f6aa369224496631fcb94fe41d0e56dbd82d3a89fc1d8f9ad704.css?body=1&livereload=1549321948516" for ::1 at 2019-02-04 15:12:28 -0800
Started GET "/assets/application.self-d5aeb380b162f6aa369224496631fcb94fe41d0e56dbd82d3a89fc1d8f9ad704.css?body=1&livereload=1549321948515" for ::1 at 2019-02-04 15:12:28 -0800
Started GET "/" for ::1 at 2019-02-04 15:14:01 -0800
Processing by StaticPagesController#index as HTML
  Rendering static_pages/index.html.erb within layouts/application
  Rendered shared/_main_nav.html.erb (0.5ms)
  Rendered shared/_masthead.html.erb (0.6ms)
  Rendered shared/_sections_nav.html.erb (0.4ms)
  Rendered shared/_search_modal.html.erb (0.5ms)
  Rendered shared/_main_content.html.erb (0.3ms)
  Rendered static_pages/index.html.erb within layouts/application (21.4ms)
Completed 200 OK in 148ms (Views: 127.3ms | ActiveRecord: 0.0ms)


Started GET "/assets/application.self-f855b3d6762d663fa2c58dd23ba193dccabc5d6476cde1e64bb44f138f4911fe.css?body=1" for ::1 at 2019-02-04 15:14:01 -0800
Started GET "/assets/AA_Times_Logo.png" for ::1 at 2019-02-04 15:14:01 -0800
Started GET "/" for ::1 at 2019-02-04 15:14:28 -0800
Processing by StaticPagesController#index as HTML
  Rendering static_pages/index.html.erb within layouts/application
  Rendered shared/_main_nav.html.erb (0.4ms)
  Rendered shared/_masthead.html.erb (0.4ms)
  Rendered shared/_sections_nav.html.erb (0.3ms)
  Rendered shared/_search_modal.html.erb (0.3ms)
  Rendered shared/_main_content.html.erb (1.6ms)
  Rendered static_pages/index.html.erb within layouts/application (45.1ms)
Completed 200 OK in 128ms (Views: 123.4ms | ActiveRecord: 0.0ms)


Started GET "/assets/AA_Times_Logo.png" for ::1 at 2019-02-04 15:14:28 -0800
Started GET "/" for ::1 at 2019-02-04 15:20:57 -0800
Processing by StaticPagesController#index as HTML
  Rendering static_pages/index.html.erb within layouts/application
  Rendered shared/_main_nav.html.erb (0.4ms)
  Rendered shared/_masthead.html.erb (0.4ms)
  Rendered shared/_sections_nav.html.erb (0.4ms)
  Rendered shared/_search_modal.html.erb (0.4ms)
  Rendered shared/_main_content.html.erb (0.3ms)
  Rendered static_pages/index.html.erb within layouts/application (24.6ms)
Completed 200 OK in 102ms (Views: 82.6ms | ActiveRecord: 0.0ms)


Started GET "/assets/AA_Times_Logo.png" for ::1 at 2019-02-04 15:20:57 -0800
Started GET "/" for ::1 at 2019-02-04 15:20:58 -0800
Processing by StaticPagesController#index as HTML
  Rendering static_pages/index.html.erb within layouts/application
  Rendered shared/_main_nav.html.erb (0.4ms)
  Rendered shared/_masthead.html.erb (1.0ms)
  Rendered shared/_sections_nav.html.erb (0.4ms)
  Rendered shared/_search_modal.html.erb (0.4ms)
  Rendered shared/_main_content.html.erb (0.3ms)
  Rendered static_pages/index.html.erb within layouts/application (16.6ms)
Completed 200 OK in 43ms (Views: 39.0ms | ActiveRecord: 0.0ms)


Started GET "/assets/AA_Times_Logo.png" for ::1 at 2019-02-04 15:20:58 -0800
Started GET "/" for ::1 at 2019-02-04 15:21:10 -0800
Processing by StaticPagesController#index as HTML
  Rendering static_pages/index.html.erb within layouts/application
  Rendered shared/_main_nav.html.erb (0.5ms)
  Rendered shared/_masthead.html.erb (0.8ms)
  Rendered shared/_sections_nav.html.erb (0.3ms)
  Rendered shared/_search_modal.html.erb (0.4ms)
  Rendered shared/_main_content.html.erb (0.4ms)
  Rendered static_pages/index.html.erb within layouts/application (18.4ms)
Completed 200 OK in 46ms (Views: 42.5ms | ActiveRecord: 0.0ms)


Started GET "/assets/AA_Times_Logo.png" for ::1 at 2019-02-04 15:21:10 -0800
Started GET "/" for ::1 at 2019-02-04 15:21:16 -0800
Processing by StaticPagesController#index as HTML
  Rendering static_pages/index.html.erb within layouts/application
  Rendered shared/_main_nav.html.erb (0.7ms)
  Rendered shared/_masthead.html.erb (0.6ms)
  Rendered shared/_sections_nav.html.erb (0.6ms)
  Rendered shared/_search_modal.html.erb (0.4ms)
  Rendered shared/_main_content.html.erb (0.4ms)
  Rendered static_pages/index.html.erb within layouts/application (20.6ms)
Completed 200 OK in 56ms (Views: 51.9ms | ActiveRecord: 0.0ms)


Started GET "/assets/AA_Times_Logo.png" for ::1 at 2019-02-04 15:21:16 -0800
Started GET "/assets/application.self-f855b3d6762d663fa2c58dd23ba193dccabc5d6476cde1e64bb44f138f4911fe.css?body=1&livereload=1549322517368" for ::1 at 2019-02-04 15:21:57 -0800
Started GET "/assets/application.self-f855b3d6762d663fa2c58dd23ba193dccabc5d6476cde1e64bb44f138f4911fe.css?body=1&livereload=1549322517369" for ::1 at 2019-02-04 15:21:57 -0800
Started GET "/assets/application.self-f855b3d6762d663fa2c58dd23ba193dccabc5d6476cde1e64bb44f138f4911fe.css?body=1&livereload=1549322548846" for ::1 at 2019-02-04 15:22:28 -0800
Started GET "/assets/application.self-f855b3d6762d663fa2c58dd23ba193dccabc5d6476cde1e64bb44f138f4911fe.css?body=1&livereload=1549322548847" for ::1 at 2019-02-04 15:22:28 -0800
Started GET "/" for ::1 at 2019-02-04 15:23:25 -0800
Processing by StaticPagesController#index as HTML
  Rendering static_pages/index.html.erb within layouts/application
  Rendered shared/_main_nav.html.erb (0.6ms)
  Rendered shared/_masthead.html.erb (0.5ms)
  Rendered shared/_sections_nav.html.erb (0.3ms)
  Rendered shared/_search_modal.html.erb (0.4ms)
  Rendered shared/_main_content.html.erb (0.3ms)
  Rendered static_pages/index.html.erb within layouts/application (16.3ms)
Completed 500 Internal Server Error in 88ms (ActiveRecord: 0.0ms)



Sass::SyntaxError - Invalid CSS after "	text-decoration": expected ";", was ": underline;":
  app/views/layouts/application.html.erb:7:in `_app_views_layouts_application_html_erb__4221624563253192108_70218757800460'

Started POST "/__better_errors/da68e0719e242a1e/variables" for ::1 at 2019-02-04 15:23:25 -0800
Started GET "/" for ::1 at 2019-02-04 15:23:36 -0800
Processing by StaticPagesController#index as HTML
  Rendering static_pages/index.html.erb within layouts/application
  Rendered shared/_main_nav.html.erb (0.3ms)
  Rendered shared/_masthead.html.erb (0.5ms)
  Rendered shared/_sections_nav.html.erb (0.3ms)
  Rendered shared/_search_modal.html.erb (0.3ms)
  Rendered shared/_main_content.html.erb (0.3ms)
  Rendered static_pages/index.html.erb within layouts/application (15.4ms)
Completed 200 OK in 198ms (Views: 195.4ms | ActiveRecord: 0.0ms)


Started GET "/assets/application.self-a42110ac5382ee685c4a0bf08f17e758d729a523917e1423c44ac61dd76d91c6.css?body=1" for ::1 at 2019-02-04 15:23:36 -0800
Started GET "/assets/AA_Times_Logo.png" for ::1 at 2019-02-04 15:23:36 -0800
Started GET "/assets/application.self-a42110ac5382ee685c4a0bf08f17e758d729a523917e1423c44ac61dd76d91c6.css?body=1&livereload=1549322630330" for ::1 at 2019-02-04 15:23:50 -0800
Started GET "/assets/application.self-a42110ac5382ee685c4a0bf08f17e758d729a523917e1423c44ac61dd76d91c6.css?body=1&livereload=1549322630331" for ::1 at 2019-02-04 15:23:50 -0800
Started GET "/assets/application.self-a42110ac5382ee685c4a0bf08f17e758d729a523917e1423c44ac61dd76d91c6.css?body=1&livereload=1549322671658" for ::1 at 2019-02-04 15:24:31 -0800
Started GET "/assets/application.self-a42110ac5382ee685c4a0bf08f17e758d729a523917e1423c44ac61dd76d91c6.css?body=1&livereload=1549322671659" for ::1 at 2019-02-04 15:24:31 -0800
Started GET "/assets/application.self-a42110ac5382ee685c4a0bf08f17e758d729a523917e1423c44ac61dd76d91c6.css?body=1&livereload=1549322882609" for ::1 at 2019-02-04 15:28:02 -0800
Started GET "/assets/application.self-a42110ac5382ee685c4a0bf08f17e758d729a523917e1423c44ac61dd76d91c6.css?body=1&livereload=1549322882610" for ::1 at 2019-02-04 15:28:02 -0800
Started GET "/" for ::1 at 2019-02-04 15:29:53 -0800
Processing by StaticPagesController#index as HTML
  Rendering static_pages/index.html.erb within layouts/application
  Rendered shared/_main_nav.html.erb (0.4ms)
  Rendered shared/_masthead.html.erb (0.3ms)
  Rendered shared/_sections_nav.html.erb (0.3ms)
  Rendered shared/_search_modal.html.erb (0.4ms)
  Rendered shared/_main_content.html.erb (0.4ms)
  Rendered static_pages/index.html.erb within layouts/application (25.1ms)
Completed 200 OK in 101ms (Views: 82.8ms | ActiveRecord: 0.0ms)


Started GET "/assets/application.self-256fd435694384e0422444894fef4b03a6c3a02c3a3639d246822c9ffe168db6.css?body=1" for ::1 at 2019-02-04 15:29:53 -0800
Started GET "/assets/AA_Times_Logo.png" for ::1 at 2019-02-04 15:29:53 -0800
Started GET "/" for ::1 at 2019-02-04 15:30:15 -0800
Processing by StaticPagesController#index as HTML
  Rendering static_pages/index.html.erb within layouts/application
  Rendered shared/_main_nav.html.erb (0.7ms)
  Rendered shared/_masthead.html.erb (0.6ms)
  Rendered shared/_sections_nav.html.erb (0.5ms)
  Rendered shared/_search_modal.html.erb (0.4ms)
  Rendered shared/_main_content.html.erb (0.4ms)
  Rendered static_pages/index.html.erb within layouts/application (23.0ms)
Completed 200 OK in 53ms (Views: 48.9ms | ActiveRecord: 0.0ms)


Started GET "/assets/AA_Times_Logo.png" for ::1 at 2019-02-04 15:30:15 -0800
